
0: 640x640 8 0s, 1 1, 374.8ms
Speed: 102.7ms preprocess, 374.8ms inference, 4.4ms postprocess per image at shape (1, 3, 640, 640)

0: 640x640 7 0s, 1 1, 1 3, 259.1ms
Speed: 9.4ms preprocess, 259.1ms inference, 0.7ms postprocess per image at shape (1, 3, 640, 640)

0: 640x640 1 0, 1 3, 261.5ms
Speed: 10.5ms preprocess, 261.5ms inference, 0.6ms postprocess per image at shape (1, 3, 640, 640)

0: 640x640 31 0s, 5 1s, 1 2, 93.7ms
Speed: 6.2ms preprocess, 93.7ms inference, 0.5ms postprocess per image at shape (1, 3, 640, 640)

0: 640x640 10 0s, 4 1s, 1 2, 125.3ms
Speed: 5.7ms preprocess, 125.3ms inference, 0.6ms postprocess per image at shape (1, 3, 640, 640)

0: 640x640 1 1, 1 2, 98.1ms
Speed: 4.6ms preprocess, 98.1ms inference, 0.5ms postprocess per image at shape (1, 3, 640, 640)

0: 640x640 14 0s, 5 1s, 1 2, 1 3, 91.3ms
Speed: 18.9ms preprocess, 91.3ms inference, 0.4ms postprocess per image at shape (1, 3, 640, 640)

0: 640x640 19 0s, 2 1s, 182.7ms
Speed: 5.5ms preprocess, 182.7ms inference, 0.5ms postprocess per image at shape (1, 3, 640, 640)

0: 640x640 8 0s, 1 2, 179.5ms
Speed: 9.2ms preprocess, 179.5ms inference, 0.6ms postprocess per image at shape (1, 3, 640, 640)

0: 640x640 14 0s, 5 1s, 1 2, 1 3, 137.6ms
Speed: 9.1ms preprocess, 137.6ms inference, 0.5ms postprocess per image at shape (1, 3, 640, 640)

0: 640x640 12 0s, 2 1s, 1 2, 1 3, 149.7ms
Speed: 8.2ms preprocess, 149.7ms inference, 0.5ms postprocess per image at shape (1, 3, 640, 640)

0: 640x640 15 0s, 1 1, 99.4ms
Speed: 6.2ms preprocess, 99.4ms inference, 0.6ms postprocess per image at shape (1, 3, 640, 640)

0: 640x640 5 0s, 1 2, 2 3s, 103.1ms
Speed: 7.1ms preprocess, 103.1ms inference, 0.4ms postprocess per image at shape (1, 3, 640, 640)

0: 640x640 16 0s, 3 1s, 1 2, 119.9ms
Speed: 6.8ms preprocess, 119.9ms inference, 0.5ms postprocess per image at shape (1, 3, 640, 640)

0: 640x640 4 0s, 2 1s, 3 3s, 124.5ms
Speed: 7.5ms preprocess, 124.5ms inference, 0.6ms postprocess per image at shape (1, 3, 640, 640)

0: 640x640 13 0s, 4 1s, 1 2, 93.2ms
Speed: 4.9ms preprocess, 93.2ms inference, 0.5ms postprocess per image at shape (1, 3, 640, 640)

0: 640x640 1 0, 1 3, 87.0ms
Speed: 4.7ms preprocess, 87.0ms inference, 0.5ms postprocess per image at shape (1, 3, 640, 640)

0: 640x640 13 0s, 5 1s, 1 2, 124.1ms
Speed: 7.1ms preprocess, 124.1ms inference, 0.5ms postprocess per image at shape (1, 3, 640, 640)

0: 640x640 17 0s, 2 1s, 120.9ms
Speed: 4.8ms preprocess, 120.9ms inference, 0.6ms postprocess per image at shape (1, 3, 640, 640)

0: 640x640 26 0s, 1 1, 1 3, 119.8ms
Speed: 8.6ms preprocess, 119.8ms inference, 0.6ms postprocess per image at shape (1, 3, 640, 640)

0: 640x640 4 0s, 1 1, 1 2, 2 3s, 124.3ms
Speed: 7.7ms preprocess, 124.3ms inference, 0.5ms postprocess per image at shape (1, 3, 640, 640)

0: 640x640 16 0s, 2 1s, 119.5ms
Speed: 8.0ms preprocess, 119.5ms inference, 0.5ms postprocess per image at shape (1, 3, 640, 640)

0: 640x640 5 0s, 7 1s, 2 2s, 1 3, 145.2ms
Speed: 7.1ms preprocess, 145.2ms inference, 0.5ms postprocess per image at shape (1, 3, 640, 640)

0: 640x640 1 1, 138.1ms
Speed: 7.6ms preprocess, 138.1ms inference, 0.4ms postprocess per image at shape (1, 3, 640, 640)

0: 640x640 7 0s, 1 1, 149.2ms
Speed: 9.7ms preprocess, 149.2ms inference, 0.6ms postprocess per image at shape (1, 3, 640, 640)

0: 640x640 17 0s, 7 1s, 141.1ms
Speed: 5.8ms preprocess, 141.1ms inference, 0.6ms postprocess per image at shape (1, 3, 640, 640)

0: 640x640 5 0s, 2 1s, 100.0ms
Speed: 5.5ms preprocess, 100.0ms inference, 0.5ms postprocess per image at shape (1, 3, 640, 640)

0: 640x640 9 0s, 1 1, 3 3s, 131.9ms
Speed: 15.6ms preprocess, 131.9ms inference, 0.5ms postprocess per image at shape (1, 3, 640, 640)

0: 640x640 1 0, 3 1s, 4 3s, 139.5ms
Speed: 7.2ms preprocess, 139.5ms inference, 0.5ms postprocess per image at shape (1, 3, 640, 640)

0: 640x640 19 0s, 1 1, 1 3, 116.0ms
Speed: 5.4ms preprocess, 116.0ms inference, 0.5ms postprocess per image at shape (1, 3, 640, 640)

0: 640x640 5 0s, 4 1s, 1 2, 6 3s, 714.3ms
Speed: 8.0ms preprocess, 714.3ms inference, 0.7ms postprocess per image at shape (1, 3, 640, 640)

0: 640x640 17 0s, 3 1s, 1 2, 274.9ms
Speed: 7.8ms preprocess, 274.9ms inference, 0.7ms postprocess per image at shape (1, 3, 640, 640)

0: 640x640 13 0s, 3 1s, 324.8ms
Speed: 11.1ms preprocess, 324.8ms inference, 0.6ms postprocess per image at shape (1, 3, 640, 640)

0: 640x640 17 0s, 2 1s, 3 2s, 169.7ms
Speed: 10.3ms preprocess, 169.7ms inference, 0.6ms postprocess per image at shape (1, 3, 640, 640)

0: 640x640 5 0s, 1 2, 161.8ms
Speed: 9.4ms preprocess, 161.8ms inference, 0.4ms postprocess per image at shape (1, 3, 640, 640)

0: 640x640 24 0s, 1 1, 102.4ms
Speed: 5.4ms preprocess, 102.4ms inference, 0.6ms postprocess per image at shape (1, 3, 640, 640)

0: 640x640 3 0s, 456.6ms
Speed: 13.0ms preprocess, 456.6ms inference, 0.6ms postprocess per image at shape (1, 3, 640, 640)

0: 640x640 11 0s, 1 3, 173.7ms
Speed: 12.1ms preprocess, 173.7ms inference, 0.5ms postprocess per image at shape (1, 3, 640, 640)

0: 640x640 (no detections), 150.1ms
Speed: 4.5ms preprocess, 150.1ms inference, 0.4ms postprocess per image at shape (1, 3, 640, 640)

0: 640x640 35 0s, 4 1s, 2 2s, 154.6ms
Speed: 4.6ms preprocess, 154.6ms inference, 0.8ms postprocess per image at shape (1, 3, 640, 640)

0: 640x640 2 0s, 1 3, 211.0ms
Speed: 10.0ms preprocess, 211.0ms inference, 0.8ms postprocess per image at shape (1, 3, 640, 640)

0: 640x640 2 0s, 1 3, 178.1ms
Speed: 8.2ms preprocess, 178.1ms inference, 0.6ms postprocess per image at shape (1, 3, 640, 640)

0: 640x640 20 0s, 1 1, 1 2, 1 3, 123.7ms
Speed: 7.6ms preprocess, 123.7ms inference, 0.4ms postprocess per image at shape (1, 3, 640, 640)

0: 640x640 2 0s, 6 1s, 2 3s, 175.2ms
Speed: 8.3ms preprocess, 175.2ms inference, 0.6ms postprocess per image at shape (1, 3, 640, 640)

0: 640x640 10 0s, 2 1s, 138.9ms
Speed: 5.0ms preprocess, 138.9ms inference, 0.6ms postprocess per image at shape (1, 3, 640, 640)

0: 640x640 4 0s, 199.5ms
Speed: 7.1ms preprocess, 199.5ms inference, 0.6ms postprocess per image at shape (1, 3, 640, 640)

0: 640x640 1 0, 2 1s, 2 2s, 1 3, 126.2ms
Speed: 8.5ms preprocess, 126.2ms inference, 0.4ms postprocess per image at shape (1, 3, 640, 640)

0: 640x640 21 0s, 1 2, 1 3, 319.8ms
Speed: 9.4ms preprocess, 319.8ms inference, 0.8ms postprocess per image at shape (1, 3, 640, 640)

0: 640x640 2 1s, 4 3s, 169.5ms
Speed: 8.0ms preprocess, 169.5ms inference, 0.5ms postprocess per image at shape (1, 3, 640, 640)

0: 640x640 23 0s, 6 1s, 351.4ms
Speed: 10.5ms preprocess, 351.4ms inference, 1.1ms postprocess per image at shape (1, 3, 640, 640)

0: 640x640 8 0s, 2 1s, 203.4ms
Speed: 6.0ms preprocess, 203.4ms inference, 0.7ms postprocess per image at shape (1, 3, 640, 640)

0: 640x640 2 0s, 1 1, 1 2, 3 3s, 150.0ms
Speed: 7.6ms preprocess, 150.0ms inference, 0.6ms postprocess per image at shape (1, 3, 640, 640)

0: 640x640 2 0s, 1 1, 132.8ms
Speed: 8.0ms preprocess, 132.8ms inference, 0.5ms postprocess per image at shape (1, 3, 640, 640)

0: 640x640 1 0, 3 1s, 3 3s, 86.4ms
Speed: 5.4ms preprocess, 86.4ms inference, 0.5ms postprocess per image at shape (1, 3, 640, 640)

0: 640x640 7 0s, 2 1s, 4 2s, 248.5ms
Speed: 6.9ms preprocess, 248.5ms inference, 0.6ms postprocess per image at shape (1, 3, 640, 640)

0: 640x640 7 0s, 470.7ms
Speed: 15.1ms preprocess, 470.7ms inference, 0.5ms postprocess per image at shape (1, 3, 640, 640)

0: 640x640 7 0s, 2 1s, 190.3ms
Speed: 8.1ms preprocess, 190.3ms inference, 0.7ms postprocess per image at shape (1, 3, 640, 640)

0: 640x640 18 0s, 6 1s, 3 2s, 1 3, 311.5ms
Speed: 7.8ms preprocess, 311.5ms inference, 0.6ms postprocess per image at shape (1, 3, 640, 640)

0: 640x640 (no detections), 114.4ms
Speed: 6.1ms preprocess, 114.4ms inference, 1.1ms postprocess per image at shape (1, 3, 640, 640)

0: 640x640 10 0s, 2 1s, 2 3s, 166.9ms
Speed: 8.3ms preprocess, 166.9ms inference, 0.8ms postprocess per image at shape (1, 3, 640, 640)

0: 640x640 27 0s, 4 1s, 158.2ms
Speed: 6.5ms preprocess, 158.2ms inference, 0.6ms postprocess per image at shape (1, 3, 640, 640)

0: 640x640 26 0s, 5 1s, 169.6ms
Speed: 5.5ms preprocess, 169.6ms inference, 4.0ms postprocess per image at shape (1, 3, 640, 640)

0: 640x640 2 0s, 2 1s, 103.9ms
Speed: 5.6ms preprocess, 103.9ms inference, 0.5ms postprocess per image at shape (1, 3, 640, 640)

0: 640x640 3 0s, 1 1, 1 3, 329.8ms
Speed: 12.1ms preprocess, 329.8ms inference, 0.6ms postprocess per image at shape (1, 3, 640, 640)

0: 640x640 1 0, 1 1, 1 3, 190.8ms
Speed: 12.9ms preprocess, 190.8ms inference, 0.6ms postprocess per image at shape (1, 3, 640, 640)

0: 640x640 13 0s, 2 1s, 212.7ms
Speed: 7.1ms preprocess, 212.7ms inference, 0.5ms postprocess per image at shape (1, 3, 640, 640)

0: 640x640 8 0s, 2 1s, 1 2, 1 3, 166.3ms
Speed: 4.6ms preprocess, 166.3ms inference, 7.2ms postprocess per image at shape (1, 3, 640, 640)

0: 640x640 10 0s, 5 1s, 121.7ms
Speed: 5.6ms preprocess, 121.7ms inference, 0.8ms postprocess per image at shape (1, 3, 640, 640)

0: 640x640 24 0s, 1 3, 191.2ms
Speed: 8.0ms preprocess, 191.2ms inference, 0.5ms postprocess per image at shape (1, 3, 640, 640)

0: 640x640 15 0s, 6 1s, 1 2, 214.0ms
Speed: 41.6ms preprocess, 214.0ms inference, 0.6ms postprocess per image at shape (1, 3, 640, 640)

0: 640x640 10 0s, 1 1, 245.7ms
Speed: 7.0ms preprocess, 245.7ms inference, 0.6ms postprocess per image at shape (1, 3, 640, 640)

0: 640x640 12 0s, 2 1s, 1 2, 164.0ms
Speed: 4.9ms preprocess, 164.0ms inference, 0.8ms postprocess per image at shape (1, 3, 640, 640)

0: 640x640 12 0s, 1 1, 219.9ms
Speed: 6.8ms preprocess, 219.9ms inference, 0.7ms postprocess per image at shape (1, 3, 640, 640)

0: 640x640 1 0, 5 1s, 1 3, 205.3ms
Speed: 10.0ms preprocess, 205.3ms inference, 0.6ms postprocess per image at shape (1, 3, 640, 640)

0: 640x640 21 0s, 7 1s, 209.7ms
Speed: 9.2ms preprocess, 209.7ms inference, 0.6ms postprocess per image at shape (1, 3, 640, 640)

0: 640x640 2 0s, 177.0ms
Speed: 7.6ms preprocess, 177.0ms inference, 0.5ms postprocess per image at shape (1, 3, 640, 640)

0: 640x640 2 0s, 2 2s, 3 3s, 200.5ms
Speed: 11.7ms preprocess, 200.5ms inference, 0.6ms postprocess per image at shape (1, 3, 640, 640)

0: 640x640 5 0s, 1 1, 4 3s, 104.8ms
Speed: 7.8ms preprocess, 104.8ms inference, 0.4ms postprocess per image at shape (1, 3, 640, 640)

0: 640x640 4 3s, 129.5ms
Speed: 10.0ms preprocess, 129.5ms inference, 0.6ms postprocess per image at shape (1, 3, 640, 640)

0: 640x640 2 0s, 1 1, 1 3, 112.5ms
Speed: 7.9ms preprocess, 112.5ms inference, 0.4ms postprocess per image at shape (1, 3, 640, 640)

0: 640x640 20 0s, 3 1s, 157.9ms
Speed: 8.2ms preprocess, 157.9ms inference, 0.6ms postprocess per image at shape (1, 3, 640, 640)

0: 640x640 15 0s, 6 1s, 1 2, 1 3, 170.6ms
Speed: 10.3ms preprocess, 170.6ms inference, 0.5ms postprocess per image at shape (1, 3, 640, 640)

0: 640x640 4 1s, 1 2, 2 3s, 270.8ms
Speed: 9.3ms preprocess, 270.8ms inference, 0.5ms postprocess per image at shape (1, 3, 640, 640)

0: 640x640 28 0s, 2 1s, 190.5ms
Speed: 6.7ms preprocess, 190.5ms inference, 0.7ms postprocess per image at shape (1, 3, 640, 640)

0: 640x640 1 0, 7 1s, 3 2s, 138.5ms
Speed: 4.6ms preprocess, 138.5ms inference, 0.8ms postprocess per image at shape (1, 3, 640, 640)

0: 640x640 3 0s, 3 2s, 101.9ms
Speed: 8.6ms preprocess, 101.9ms inference, 0.4ms postprocess per image at shape (1, 3, 640, 640)

0: 640x640 2 0s, 1 3, 159.6ms
Speed: 9.8ms preprocess, 159.6ms inference, 0.6ms postprocess per image at shape (1, 3, 640, 640)

0: 640x640 1 0, 2 1s, 1 2, 2 3s, 256.8ms
Speed: 11.3ms preprocess, 256.8ms inference, 0.6ms postprocess per image at shape (1, 3, 640, 640)

0: 640x640 11 0s, 1 2, 407.9ms
Speed: 11.3ms preprocess, 407.9ms inference, 0.6ms postprocess per image at shape (1, 3, 640, 640)

0: 640x640 31 0s, 3 1s, 2 2s, 169.6ms
Speed: 10.4ms preprocess, 169.6ms inference, 0.7ms postprocess per image at shape (1, 3, 640, 640)

0: 640x640 22 0s, 4 1s, 1 2, 206.5ms
Speed: 8.6ms preprocess, 206.5ms inference, 0.5ms postprocess per image at shape (1, 3, 640, 640)

0: 640x640 5 0s, 6 1s, 321.8ms
Speed: 8.7ms preprocess, 321.8ms inference, 0.6ms postprocess per image at shape (1, 3, 640, 640)

0: 640x640 4 0s, 1 1, 1 2, 277.7ms
Speed: 7.3ms preprocess, 277.7ms inference, 0.5ms postprocess per image at shape (1, 3, 640, 640)

0: 640x640 11 0s, 2 1s, 153.0ms
Speed: 5.2ms preprocess, 153.0ms inference, 0.6ms postprocess per image at shape (1, 3, 640, 640)

0: 640x640 19 0s, 2 1s, 172.4ms
Speed: 6.4ms preprocess, 172.4ms inference, 0.5ms postprocess per image at shape (1, 3, 640, 640)

0: 640x640 15 0s, 2 1s, 1 2, 132.4ms
Speed: 10.0ms preprocess, 132.4ms inference, 0.6ms postprocess per image at shape (1, 3, 640, 640)

0: 640x640 20 0s, 3 1s, 139.1ms
Speed: 8.2ms preprocess, 139.1ms inference, 0.5ms postprocess per image at shape (1, 3, 640, 640)

0: 640x640 24 0s, 1 1, 1 3, 235.2ms
Speed: 32.6ms preprocess, 235.2ms inference, 0.6ms postprocess per image at shape (1, 3, 640, 640)

0: 640x640 8 0s, 6 1s, 2 3s, 181.1ms
Speed: 8.1ms preprocess, 181.1ms inference, 0.6ms postprocess per image at shape (1, 3, 640, 640)

0: 640x640 1 1, 1 3, 139.7ms
Speed: 7.7ms preprocess, 139.7ms inference, 0.6ms postprocess per image at shape (1, 3, 640, 640)

0: 640x640 6 0s, 3 1s, 129.9ms
Speed: 6.9ms preprocess, 129.9ms inference, 0.5ms postprocess per image at shape (1, 3, 640, 640)

0: 640x640 10 0s, 2 2s, 1 3, 107.4ms
Speed: 6.7ms preprocess, 107.4ms inference, 0.4ms postprocess per image at shape (1, 3, 640, 640)

0: 640x640 11 0s, 1 1, 1 2, 1 3, 186.2ms
Speed: 10.5ms preprocess, 186.2ms inference, 0.5ms postprocess per image at shape (1, 3, 640, 640)

0: 640x640 19 0s, 2 1s, 184.0ms
Speed: 8.5ms preprocess, 184.0ms inference, 0.5ms postprocess per image at shape (1, 3, 640, 640)

0: 640x640 13 0s, 3 1s, 2 2s, 174.2ms
Speed: 7.3ms preprocess, 174.2ms inference, 0.6ms postprocess per image at shape (1, 3, 640, 640)

0: 640x640 8 0s, 204.0ms
Speed: 7.8ms preprocess, 204.0ms inference, 0.5ms postprocess per image at shape (1, 3, 640, 640)

0: 640x640 16 0s, 4 1s, 1 2, 3 3s, 158.2ms
Speed: 8.0ms preprocess, 158.2ms inference, 0.5ms postprocess per image at shape (1, 3, 640, 640)

0: 640x640 17 0s, 1 1, 295.1ms
Speed: 10.1ms preprocess, 295.1ms inference, 0.8ms postprocess per image at shape (1, 3, 640, 640)

0: 640x640 16 0s, 3 1s, 171.7ms
Speed: 8.9ms preprocess, 171.7ms inference, 0.6ms postprocess per image at shape (1, 3, 640, 640)

0: 640x640 4 0s, 3 3s, 137.0ms
Speed: 8.7ms preprocess, 137.0ms inference, 0.7ms postprocess per image at shape (1, 3, 640, 640)

0: 640x640 22 0s, 5 1s, 1 3, 218.7ms
Speed: 16.3ms preprocess, 218.7ms inference, 0.6ms postprocess per image at shape (1, 3, 640, 640)

0: 640x640 5 0s, 1 1, 135.6ms
Speed: 10.7ms preprocess, 135.6ms inference, 0.5ms postprocess per image at shape (1, 3, 640, 640)

0: 640x640 9 0s, 2 1s, 1 3, 161.3ms
Speed: 5.8ms preprocess, 161.3ms inference, 0.5ms postprocess per image at shape (1, 3, 640, 640)

0: 640x640 1 0, 1 2, 5 3s, 131.9ms
Speed: 5.8ms preprocess, 131.9ms inference, 0.6ms postprocess per image at shape (1, 3, 640, 640)

0: 640x640 2 1s, 224.6ms
Speed: 9.1ms preprocess, 224.6ms inference, 0.6ms postprocess per image at shape (1, 3, 640, 640)

0: 640x640 17 0s, 1 1, 153.0ms
Speed: 21.9ms preprocess, 153.0ms inference, 0.7ms postprocess per image at shape (1, 3, 640, 640)

0: 640x640 (no detections), 229.6ms
Speed: 6.9ms preprocess, 229.6ms inference, 0.5ms postprocess per image at shape (1, 3, 640, 640)

0: 640x640 1 3, 284.4ms
Speed: 11.0ms preprocess, 284.4ms inference, 0.5ms postprocess per image at shape (1, 3, 640, 640)

0: 640x640 (no detections), 174.7ms
Speed: 7.6ms preprocess, 174.7ms inference, 0.7ms postprocess per image at shape (1, 3, 640, 640)

0: 640x640 9 0s, 1 1, 152.4ms
Speed: 8.0ms preprocess, 152.4ms inference, 0.5ms postprocess per image at shape (1, 3, 640, 640)

0: 640x640 2 0s, 2 3s, 152.7ms
Speed: 10.1ms preprocess, 152.7ms inference, 0.6ms postprocess per image at shape (1, 3, 640, 640)

0: 640x640 6 0s, 2 1s, 1 2, 242.6ms
Speed: 7.2ms preprocess, 242.6ms inference, 0.7ms postprocess per image at shape (1, 3, 640, 640)

0: 640x640 15 0s, 1 1, 139.0ms
Speed: 8.6ms preprocess, 139.0ms inference, 0.5ms postprocess per image at shape (1, 3, 640, 640)

0: 640x640 10 0s, 1 1, 157.1ms
Speed: 5.1ms preprocess, 157.1ms inference, 4.1ms postprocess per image at shape (1, 3, 640, 640)

0: 640x640 2 0s, 2 1s, 1 2, 1 3, 146.8ms
Speed: 6.7ms preprocess, 146.8ms inference, 0.9ms postprocess per image at shape (1, 3, 640, 640)

0: 640x640 6 0s, 9 1s, 143.5ms
Speed: 6.6ms preprocess, 143.5ms inference, 0.6ms postprocess per image at shape (1, 3, 640, 640)

0: 640x640 11 0s, 2 1s, 117.5ms
Speed: 4.5ms preprocess, 117.5ms inference, 0.6ms postprocess per image at shape (1, 3, 640, 640)

0: 640x640 13 0s, 111.4ms
Speed: 4.8ms preprocess, 111.4ms inference, 0.6ms postprocess per image at shape (1, 3, 640, 640)

0: 640x640 10 0s, 4 1s, 117.6ms
Speed: 6.3ms preprocess, 117.6ms inference, 0.6ms postprocess per image at shape (1, 3, 640, 640)

0: 640x640 1 0, 1 1, 2 3s, 99.4ms
Speed: 7.0ms preprocess, 99.4ms inference, 0.4ms postprocess per image at shape (1, 3, 640, 640)

0: 640x640 11 0s, 1 1, 1 3, 211.7ms
Speed: 8.1ms preprocess, 211.7ms inference, 0.5ms postprocess per image at shape (1, 3, 640, 640)

0: 640x640 8 0s, 186.8ms
Speed: 9.2ms preprocess, 186.8ms inference, 0.5ms postprocess per image at shape (1, 3, 640, 640)

0: 640x640 16 0s, 2 1s, 1 3, 133.3ms
Speed: 6.0ms preprocess, 133.3ms inference, 0.6ms postprocess per image at shape (1, 3, 640, 640)

0: 640x640 3 0s, 159.9ms
Speed: 8.2ms preprocess, 159.9ms inference, 0.5ms postprocess per image at shape (1, 3, 640, 640)

0: 640x640 23 0s, 2 1s, 1 3, 94.0ms
Speed: 5.0ms preprocess, 94.0ms inference, 0.4ms postprocess per image at shape (1, 3, 640, 640)

0: 640x640 9 0s, 1 1, 1 3, 277.6ms
Speed: 8.1ms preprocess, 277.6ms inference, 0.5ms postprocess per image at shape (1, 3, 640, 640)

0: 640x640 17 0s, 109.8ms
Speed: 6.5ms preprocess, 109.8ms inference, 0.6ms postprocess per image at shape (1, 3, 640, 640)

0: 640x640 1 0, 2 1s, 1 3, 213.2ms
Speed: 8.6ms preprocess, 213.2ms inference, 0.5ms postprocess per image at shape (1, 3, 640, 640)

0: 640x640 24 0s, 11 1s, 1 2, 119.2ms
Speed: 5.2ms preprocess, 119.2ms inference, 0.8ms postprocess per image at shape (1, 3, 640, 640)

0: 640x640 1 0, 1 3, 132.4ms
Speed: 7.3ms preprocess, 132.4ms inference, 0.7ms postprocess per image at shape (1, 3, 640, 640)

0: 640x640 (no detections), 157.9ms
Speed: 7.0ms preprocess, 157.9ms inference, 0.6ms postprocess per image at shape (1, 3, 640, 640)

0: 640x640 18 0s, 4 1s, 107.1ms
Speed: 4.9ms preprocess, 107.1ms inference, 0.4ms postprocess per image at shape (1, 3, 640, 640)

0: 640x640 22 0s, 2 1s, 1 3, 131.2ms
Speed: 4.4ms preprocess, 131.2ms inference, 0.5ms postprocess per image at shape (1, 3, 640, 640)

0: 640x640 14 0s, 3 1s, 1 3, 170.2ms
Speed: 6.6ms preprocess, 170.2ms inference, 0.7ms postprocess per image at shape (1, 3, 640, 640)

0: 640x640 11 0s, 1 1, 2 3s, 104.5ms
Speed: 5.7ms preprocess, 104.5ms inference, 0.5ms postprocess per image at shape (1, 3, 640, 640)

0: 640x640 2 3s, 128.4ms
Speed: 7.3ms preprocess, 128.4ms inference, 0.5ms postprocess per image at shape (1, 3, 640, 640)

0: 640x640 13 0s, 3 1s, 1 2, 131.3ms
Speed: 4.9ms preprocess, 131.3ms inference, 0.6ms postprocess per image at shape (1, 3, 640, 640)

0: 640x640 6 0s, 1 1, 129.3ms
Speed: 6.3ms preprocess, 129.3ms inference, 0.5ms postprocess per image at shape (1, 3, 640, 640)

0: 640x640 1 0, 1 1, 1 3, 99.9ms
Speed: 7.7ms preprocess, 99.9ms inference, 0.5ms postprocess per image at shape (1, 3, 640, 640)

0: 640x640 9 0s, 1 1, 1 2, 142.5ms
Speed: 7.5ms preprocess, 142.5ms inference, 0.5ms postprocess per image at shape (1, 3, 640, 640)

0: 640x640 1 0, 2 1s, 3 3s, 182.7ms
Speed: 9.3ms preprocess, 182.7ms inference, 0.5ms postprocess per image at shape (1, 3, 640, 640)

0: 640x640 20 0s, 5 1s, 116.5ms
Speed: 5.3ms preprocess, 116.5ms inference, 0.5ms postprocess per image at shape (1, 3, 640, 640)

0: 640x640 6 0s, 3 1s, 1 2, 1 3, 123.2ms
Speed: 5.0ms preprocess, 123.2ms inference, 0.5ms postprocess per image at shape (1, 3, 640, 640)

0: 640x640 11 0s, 3 1s, 1 2, 4 3s, 143.2ms
Speed: 7.1ms preprocess, 143.2ms inference, 0.5ms postprocess per image at shape (1, 3, 640, 640)

0: 640x640 14 0s, 1 1, 176.7ms
Speed: 4.7ms preprocess, 176.7ms inference, 0.6ms postprocess per image at shape (1, 3, 640, 640)

0: 640x640 (no detections), 245.0ms
Speed: 15.5ms preprocess, 245.0ms inference, 0.6ms postprocess per image at shape (1, 3, 640, 640)

0: 640x640 1 0, 162.6ms
Speed: 34.1ms preprocess, 162.6ms inference, 0.5ms postprocess per image at shape (1, 3, 640, 640)

0: 640x640 10 0s, 3 1s, 227.6ms
Speed: 8.1ms preprocess, 227.6ms inference, 0.5ms postprocess per image at shape (1, 3, 640, 640)

0: 640x640 4 0s, 4 1s, 116.3ms
Speed: 5.2ms preprocess, 116.3ms inference, 0.5ms postprocess per image at shape (1, 3, 640, 640)

0: 640x640 5 0s, 4 1s, 3 3s, 138.0ms
Speed: 7.2ms preprocess, 138.0ms inference, 0.6ms postprocess per image at shape (1, 3, 640, 640)

0: 640x640 8 0s, 167.3ms
Speed: 7.3ms preprocess, 167.3ms inference, 0.6ms postprocess per image at shape (1, 3, 640, 640)

0: 640x640 26 0s, 3 1s, 166.3ms
Speed: 8.4ms preprocess, 166.3ms inference, 0.6ms postprocess per image at shape (1, 3, 640, 640)

0: 640x640 1 1, 2 3s, 182.5ms
Speed: 8.3ms preprocess, 182.5ms inference, 0.5ms postprocess per image at shape (1, 3, 640, 640)

0: 640x640 6 0s, 2 1s, 166.7ms
Speed: 8.2ms preprocess, 166.7ms inference, 0.6ms postprocess per image at shape (1, 3, 640, 640)

0: 640x640 35 0s, 3 1s, 1 2, 560.8ms
Speed: 13.3ms preprocess, 560.8ms inference, 0.6ms postprocess per image at shape (1, 3, 640, 640)

0: 640x640 13 0s, 1 1, 167.3ms
Speed: 7.1ms preprocess, 167.3ms inference, 0.4ms postprocess per image at shape (1, 3, 640, 640)

0: 640x640 2 0s, 2 2s, 6 3s, 135.4ms
Speed: 10.1ms preprocess, 135.4ms inference, 0.5ms postprocess per image at shape (1, 3, 640, 640)

0: 640x640 12 0s, 2 1s, 1 2, 1 3, 158.2ms
Speed: 7.3ms preprocess, 158.2ms inference, 0.5ms postprocess per image at shape (1, 3, 640, 640)

0: 640x640 23 0s, 2 1s, 1 2, 1 3, 152.7ms
Speed: 6.9ms preprocess, 152.7ms inference, 0.5ms postprocess per image at shape (1, 3, 640, 640)

0: 640x640 12 0s, 3 1s, 1 2, 104.4ms
Speed: 6.3ms preprocess, 104.4ms inference, 0.4ms postprocess per image at shape (1, 3, 640, 640)

0: 640x640 10 0s, 1 2, 1 3, 160.9ms
Speed: 7.9ms preprocess, 160.9ms inference, 0.5ms postprocess per image at shape (1, 3, 640, 640)

0: 640x640 2 1s, 1 3, 121.0ms
Speed: 7.1ms preprocess, 121.0ms inference, 0.5ms postprocess per image at shape (1, 3, 640, 640)

0: 640x640 11 0s, 2 1s, 1 2, 165.7ms
Speed: 6.9ms preprocess, 165.7ms inference, 0.6ms postprocess per image at shape (1, 3, 640, 640)

0: 640x640 8 0s, 8 1s, 156.0ms
Speed: 21.4ms preprocess, 156.0ms inference, 0.5ms postprocess per image at shape (1, 3, 640, 640)

0: 640x640 23 0s, 1 1, 116.0ms
Speed: 8.5ms preprocess, 116.0ms inference, 0.5ms postprocess per image at shape (1, 3, 640, 640)

0: 640x640 8 0s, 1 1, 130.6ms
Speed: 7.7ms preprocess, 130.6ms inference, 0.5ms postprocess per image at shape (1, 3, 640, 640)

0: 640x640 4 0s, 110.9ms
Speed: 5.9ms preprocess, 110.9ms inference, 0.5ms postprocess per image at shape (1, 3, 640, 640)

0: 640x640 5 0s, 2 1s, 2 3s, 124.3ms
Speed: 6.7ms preprocess, 124.3ms inference, 0.5ms postprocess per image at shape (1, 3, 640, 640)

0: 640x640 10 0s, 5 1s, 1 3, 266.2ms
Speed: 12.9ms preprocess, 266.2ms inference, 0.6ms postprocess per image at shape (1, 3, 640, 640)

0: 640x640 21 0s, 2 3s, 101.7ms
Speed: 4.8ms preprocess, 101.7ms inference, 0.5ms postprocess per image at shape (1, 3, 640, 640)

0: 640x640 21 0s, 7 1s, 2 2s, 109.0ms
Speed: 4.7ms preprocess, 109.0ms inference, 0.5ms postprocess per image at shape (1, 3, 640, 640)

0: 640x640 1 3, 114.1ms
Speed: 4.5ms preprocess, 114.1ms inference, 0.7ms postprocess per image at shape (1, 3, 640, 640)

0: 640x640 6 0s, 1 3, 359.5ms
Speed: 6.0ms preprocess, 359.5ms inference, 0.6ms postprocess per image at shape (1, 3, 640, 640)

0: 640x640 (no detections), 198.2ms
Speed: 4.8ms preprocess, 198.2ms inference, 0.7ms postprocess per image at shape (1, 3, 640, 640)

0: 640x640 4 0s, 3 1s, 1 2, 1 3, 97.8ms
Speed: 5.7ms preprocess, 97.8ms inference, 0.5ms postprocess per image at shape (1, 3, 640, 640)

0: 640x640 22 0s, 1 1, 1 3, 115.8ms
Speed: 6.8ms preprocess, 115.8ms inference, 0.4ms postprocess per image at shape (1, 3, 640, 640)

0: 640x640 11 0s, 2 1s, 2 2s, 100.8ms
Speed: 5.0ms preprocess, 100.8ms inference, 0.5ms postprocess per image at shape (1, 3, 640, 640)

0: 640x640 13 0s, 2 1s, 173.1ms
Speed: 7.2ms preprocess, 173.1ms inference, 0.5ms postprocess per image at shape (1, 3, 640, 640)

0: 640x640 4 0s, 2 3s, 157.8ms
Speed: 7.1ms preprocess, 157.8ms inference, 0.6ms postprocess per image at shape (1, 3, 640, 640)

0: 640x640 18 0s, 3 1s, 1 3, 141.7ms
Speed: 9.0ms preprocess, 141.7ms inference, 0.6ms postprocess per image at shape (1, 3, 640, 640)

0: 640x640 2 0s, 125.5ms
Speed: 6.7ms preprocess, 125.5ms inference, 0.6ms postprocess per image at shape (1, 3, 640, 640)

0: 640x640 7 0s, 4 1s, 2 3s, 168.9ms
Speed: 7.7ms preprocess, 168.9ms inference, 0.5ms postprocess per image at shape (1, 3, 640, 640)

0: 640x640 17 0s, 2 1s, 2 3s, 150.7ms
Speed: 7.8ms preprocess, 150.7ms inference, 0.5ms postprocess per image at shape (1, 3, 640, 640)

0: 640x640 12 0s, 7 1s, 1 2, 1 3, 117.8ms
Speed: 9.3ms preprocess, 117.8ms inference, 0.4ms postprocess per image at shape (1, 3, 640, 640)

0: 640x640 1 3, 115.6ms
Speed: 8.9ms preprocess, 115.6ms inference, 0.4ms postprocess per image at shape (1, 3, 640, 640)

0: 640x640 31 0s, 1 1, 153.7ms
Speed: 9.3ms preprocess, 153.7ms inference, 0.6ms postprocess per image at shape (1, 3, 640, 640)

0: 640x640 7 0s, 3 1s, 2 2s, 149.9ms
Speed: 8.3ms preprocess, 149.9ms inference, 0.5ms postprocess per image at shape (1, 3, 640, 640)

0: 640x640 7 0s, 2 1s, 96.4ms
Speed: 5.3ms preprocess, 96.4ms inference, 0.4ms postprocess per image at shape (1, 3, 640, 640)

0: 640x640 29 0s, 8 1s, 201.7ms
Speed: 8.4ms preprocess, 201.7ms inference, 0.5ms postprocess per image at shape (1, 3, 640, 640)

0: 640x640 2 3s, 331.9ms
Speed: 11.5ms preprocess, 331.9ms inference, 0.6ms postprocess per image at shape (1, 3, 640, 640)

0: 640x640 5 0s, 3 1s, 1 2, 134.2ms
Speed: 5.5ms preprocess, 134.2ms inference, 0.5ms postprocess per image at shape (1, 3, 640, 640)

0: 640x640 5 0s, 152.0ms
Speed: 8.0ms preprocess, 152.0ms inference, 0.5ms postprocess per image at shape (1, 3, 640, 640)

0: 640x640 8 0s, 1 3, 149.8ms
Speed: 11.3ms preprocess, 149.8ms inference, 0.4ms postprocess per image at shape (1, 3, 640, 640)

0: 640x640 9 0s, 1 2, 5 3s, 213.8ms
Speed: 7.4ms preprocess, 213.8ms inference, 0.5ms postprocess per image at shape (1, 3, 640, 640)

0: 640x640 16 0s, 2 1s, 1 3, 93.6ms
Speed: 5.4ms preprocess, 93.6ms inference, 0.5ms postprocess per image at shape (1, 3, 640, 640)

0: 640x640 7 0s, 1 2, 100.1ms
Speed: 5.7ms preprocess, 100.1ms inference, 0.6ms postprocess per image at shape (1, 3, 640, 640)

0: 640x640 7 0s, 2 1s, 1 2, 1 3, 90.2ms
Speed: 5.1ms preprocess, 90.2ms inference, 0.5ms postprocess per image at shape (1, 3, 640, 640)

0: 640x640 18 0s, 1 1, 123.5ms
Speed: 7.3ms preprocess, 123.5ms inference, 0.6ms postprocess per image at shape (1, 3, 640, 640)

0: 640x640 19 0s, 1 1, 309.0ms
Speed: 22.8ms preprocess, 309.0ms inference, 0.6ms postprocess per image at shape (1, 3, 640, 640)

0: 640x640 12 0s, 2 1s, 1 2, 144.5ms
Speed: 8.1ms preprocess, 144.5ms inference, 0.7ms postprocess per image at shape (1, 3, 640, 640)

0: 640x640 7 0s, 7 1s, 2 3s, 98.7ms
Speed: 6.6ms preprocess, 98.7ms inference, 0.5ms postprocess per image at shape (1, 3, 640, 640)

0: 640x640 1 0, 4 1s, 177.0ms
Speed: 4.6ms preprocess, 177.0ms inference, 0.6ms postprocess per image at shape (1, 3, 640, 640)

0: 640x640 14 0s, 4 1s, 270.4ms
Speed: 8.6ms preprocess, 270.4ms inference, 0.5ms postprocess per image at shape (1, 3, 640, 640)

0: 640x640 2 0s, 219.8ms
Speed: 10.7ms preprocess, 219.8ms inference, 0.6ms postprocess per image at shape (1, 3, 640, 640)

0: 640x640 7 0s, 722.9ms
Speed: 6.9ms preprocess, 722.9ms inference, 0.6ms postprocess per image at shape (1, 3, 640, 640)

0: 640x640 8 0s, 6 1s, 1 3, 176.8ms
Speed: 7.9ms preprocess, 176.8ms inference, 0.5ms postprocess per image at shape (1, 3, 640, 640)

0: 640x640 24 0s, 1 1, 3 2s, 117.8ms
Speed: 6.7ms preprocess, 117.8ms inference, 0.9ms postprocess per image at shape (1, 3, 640, 640)

0: 640x640 22 0s, 3 1s, 159.2ms
Speed: 9.1ms preprocess, 159.2ms inference, 0.7ms postprocess per image at shape (1, 3, 640, 640)

0: 640x640 8 0s, 2 1s, 1 2, 3 3s, 266.7ms
Speed: 9.0ms preprocess, 266.7ms inference, 0.6ms postprocess per image at shape (1, 3, 640, 640)

0: 640x640 3 0s, 6 1s, 1 2, 209.8ms
Speed: 16.6ms preprocess, 209.8ms inference, 0.5ms postprocess per image at shape (1, 3, 640, 640)

0: 640x640 23 0s, 127.0ms
Speed: 6.3ms preprocess, 127.0ms inference, 0.5ms postprocess per image at shape (1, 3, 640, 640)

0: 640x640 2 0s, 1 3, 103.4ms
Speed: 6.1ms preprocess, 103.4ms inference, 0.5ms postprocess per image at shape (1, 3, 640, 640)

0: 640x640 10 0s, 2 1s, 3 3s, 110.1ms
Speed: 5.5ms preprocess, 110.1ms inference, 0.7ms postprocess per image at shape (1, 3, 640, 640)

0: 640x640 18 0s, 3 1s, 1 2, 173.2ms
Speed: 5.4ms preprocess, 173.2ms inference, 0.6ms postprocess per image at shape (1, 3, 640, 640)

0: 640x640 24 0s, 2 1s, 196.4ms
Speed: 7.3ms preprocess, 196.4ms inference, 0.7ms postprocess per image at shape (1, 3, 640, 640)

0: 640x640 2 0s, 1 3, 232.4ms
Speed: 19.5ms preprocess, 232.4ms inference, 0.6ms postprocess per image at shape (1, 3, 640, 640)

0: 640x640 8 0s, 2 1s, 1 2, 3 3s, 185.6ms
Speed: 8.3ms preprocess, 185.6ms inference, 0.5ms postprocess per image at shape (1, 3, 640, 640)

0: 640x640 16 0s, 2 1s, 1 3, 224.9ms
Speed: 7.4ms preprocess, 224.9ms inference, 1.2ms postprocess per image at shape (1, 3, 640, 640)

0: 640x640 18 0s, 7 1s, 212.8ms
Speed: 7.2ms preprocess, 212.8ms inference, 0.5ms postprocess per image at shape (1, 3, 640, 640)

0: 640x640 4 0s, 1 1, 236.9ms
Speed: 6.8ms preprocess, 236.9ms inference, 0.7ms postprocess per image at shape (1, 3, 640, 640)

0: 640x640 1 0, 1 3, 217.1ms
Speed: 10.0ms preprocess, 217.1ms inference, 0.6ms postprocess per image at shape (1, 3, 640, 640)

0: 640x640 14 0s, 2 1s, 109.5ms
Speed: 7.0ms preprocess, 109.5ms inference, 0.5ms postprocess per image at shape (1, 3, 640, 640)

0: 640x640 2 0s, 1 1, 6 3s, 104.4ms
Speed: 4.5ms preprocess, 104.4ms inference, 0.6ms postprocess per image at shape (1, 3, 640, 640)

0: 640x640 2 1s, 2 2s, 2 3s, 509.1ms
Speed: 17.1ms preprocess, 509.1ms inference, 0.6ms postprocess per image at shape (1, 3, 640, 640)

0: 640x640 6 0s, 1 1, 302.8ms
Speed: 5.6ms preprocess, 302.8ms inference, 0.7ms postprocess per image at shape (1, 3, 640, 640)

0: 640x640 15 0s, 2 1s, 1 3, 152.5ms
Speed: 6.2ms preprocess, 152.5ms inference, 0.7ms postprocess per image at shape (1, 3, 640, 640)

0: 640x640 10 0s, 4 1s, 247.7ms
Speed: 5.9ms preprocess, 247.7ms inference, 0.7ms postprocess per image at shape (1, 3, 640, 640)

0: 640x640 1 3, 149.7ms
Speed: 7.2ms preprocess, 149.7ms inference, 0.5ms postprocess per image at shape (1, 3, 640, 640)

0: 640x640 18 0s, 1 1, 1 2, 231.0ms
Speed: 7.1ms preprocess, 231.0ms inference, 0.7ms postprocess per image at shape (1, 3, 640, 640)

0: 640x640 25 0s, 1 2, 255.8ms
Speed: 8.8ms preprocess, 255.8ms inference, 0.6ms postprocess per image at shape (1, 3, 640, 640)

0: 640x640 15 0s, 7 1s, 2 2s, 228.4ms
Speed: 9.4ms preprocess, 228.4ms inference, 0.7ms postprocess per image at shape (1, 3, 640, 640)

0: 640x640 37 0s, 1 1, 228.3ms
Speed: 10.7ms preprocess, 228.3ms inference, 0.5ms postprocess per image at shape (1, 3, 640, 640)

0: 640x640 5 0s, 5 1s, 178.8ms
Speed: 7.4ms preprocess, 178.8ms inference, 0.7ms postprocess per image at shape (1, 3, 640, 640)

0: 640x640 12 0s, 5 1s, 135.5ms
Speed: 10.2ms preprocess, 135.5ms inference, 0.4ms postprocess per image at shape (1, 3, 640, 640)

0: 640x640 14 0s, 1 1, 1 2, 172.8ms
Speed: 9.8ms preprocess, 172.8ms inference, 0.5ms postprocess per image at shape (1, 3, 640, 640)

0: 640x640 21 0s, 3 1s, 192.9ms
Speed: 8.9ms preprocess, 192.9ms inference, 0.6ms postprocess per image at shape (1, 3, 640, 640)

0: 640x640 3 0s, 2 1s, 1 3, 314.2ms
Speed: 7.5ms preprocess, 314.2ms inference, 0.5ms postprocess per image at shape (1, 3, 640, 640)

0: 640x640 1 3, 132.9ms
Speed: 6.6ms preprocess, 132.9ms inference, 0.6ms postprocess per image at shape (1, 3, 640, 640)

0: 640x640 2 0s, 116.2ms
Speed: 4.7ms preprocess, 116.2ms inference, 0.7ms postprocess per image at shape (1, 3, 640, 640)

0: 640x640 5 0s, 2 1s, 201.9ms
Speed: 7.5ms preprocess, 201.9ms inference, 0.5ms postprocess per image at shape (1, 3, 640, 640)

0: 640x640 1 0, 3 2s, 4 3s, 112.8ms
Speed: 5.9ms preprocess, 112.8ms inference, 0.5ms postprocess per image at shape (1, 3, 640, 640)

0: 640x640 6 0s, 1 1, 1 2, 185.4ms
Speed: 7.3ms preprocess, 185.4ms inference, 0.7ms postprocess per image at shape (1, 3, 640, 640)

0: 640x640 5 0s, 10 1s, 1 2, 1 3, 206.8ms
Speed: 26.3ms preprocess, 206.8ms inference, 0.6ms postprocess per image at shape (1, 3, 640, 640)

0: 640x640 6 0s, 4 1s, 141.7ms
Speed: 7.4ms preprocess, 141.7ms inference, 0.6ms postprocess per image at shape (1, 3, 640, 640)

0: 640x640 7 1s, 1 2, 2 3s, 175.6ms
Speed: 8.0ms preprocess, 175.6ms inference, 0.5ms postprocess per image at shape (1, 3, 640, 640)

0: 640x640 1 1, 1 2, 5 3s, 118.0ms
Speed: 5.6ms preprocess, 118.0ms inference, 0.4ms postprocess per image at shape (1, 3, 640, 640)

0: 640x640 2 0s, 1 1, 1 3, 145.9ms
Speed: 5.0ms preprocess, 145.9ms inference, 0.7ms postprocess per image at shape (1, 3, 640, 640)

0: 640x640 1 0, 1 1, 1 3, 204.0ms
Speed: 8.4ms preprocess, 204.0ms inference, 0.8ms postprocess per image at shape (1, 3, 640, 640)

0: 640x640 8 0s, 6 1s, 2 2s, 261.5ms
Speed: 8.2ms preprocess, 261.5ms inference, 0.6ms postprocess per image at shape (1, 3, 640, 640)

0: 640x640 3 0s, 2 3s, 159.4ms
Speed: 6.5ms preprocess, 159.4ms inference, 0.9ms postprocess per image at shape (1, 3, 640, 640)

0: 640x640 5 0s, 325.7ms
Speed: 7.8ms preprocess, 325.7ms inference, 0.5ms postprocess per image at shape (1, 3, 640, 640)

0: 640x640 24 0s, 1 1, 1 3, 186.6ms
Speed: 7.0ms preprocess, 186.6ms inference, 0.8ms postprocess per image at shape (1, 3, 640, 640)

0: 640x640 8 0s, 7 1s, 3 2s, 238.6ms
Speed: 8.5ms preprocess, 238.6ms inference, 0.7ms postprocess per image at shape (1, 3, 640, 640)

0: 640x640 (no detections), 162.4ms
Speed: 7.4ms preprocess, 162.4ms inference, 0.6ms postprocess per image at shape (1, 3, 640, 640)

0: 640x640 14 0s, 6 1s, 1 2, 324.6ms
Speed: 10.9ms preprocess, 324.6ms inference, 0.6ms postprocess per image at shape (1, 3, 640, 640)

0: 640x640 10 0s, 1 1, 346.9ms
Speed: 9.0ms preprocess, 346.9ms inference, 0.6ms postprocess per image at shape (1, 3, 640, 640)

0: 640x640 1 0, 1 3, 149.5ms
Speed: 8.7ms preprocess, 149.5ms inference, 0.5ms postprocess per image at shape (1, 3, 640, 640)

0: 640x640 5 0s, 1 1, 1 3, 166.5ms
Speed: 8.2ms preprocess, 166.5ms inference, 0.5ms postprocess per image at shape (1, 3, 640, 640)

0: 640x640 1 1, 2 3s, 209.4ms
Speed: 11.4ms preprocess, 209.4ms inference, 0.5ms postprocess per image at shape (1, 3, 640, 640)

0: 640x640 17 0s, 165.9ms
Speed: 9.1ms preprocess, 165.9ms inference, 0.5ms postprocess per image at shape (1, 3, 640, 640)

0: 640x640 5 0s, 1 1, 175.6ms
Speed: 9.9ms preprocess, 175.6ms inference, 0.6ms postprocess per image at shape (1, 3, 640, 640)

0: 640x640 14 0s, 4 1s, 1 3, 177.1ms
Speed: 7.3ms preprocess, 177.1ms inference, 1.0ms postprocess per image at shape (1, 3, 640, 640)

0: 640x640 7 0s, 1 1, 1 2, 172.1ms
Speed: 8.5ms preprocess, 172.1ms inference, 0.6ms postprocess per image at shape (1, 3, 640, 640)

0: 640x640 5 0s, 130.1ms
Speed: 8.6ms preprocess, 130.1ms inference, 0.6ms postprocess per image at shape (1, 3, 640, 640)

0: 640x640 25 0s, 1 1, 2 2s, 146.4ms
Speed: 6.0ms preprocess, 146.4ms inference, 0.5ms postprocess per image at shape (1, 3, 640, 640)

0: 640x640 11 0s, 1 1, 297.8ms
Speed: 7.5ms preprocess, 297.8ms inference, 0.6ms postprocess per image at shape (1, 3, 640, 640)

0: 640x640 15 0s, 3 1s, 185.6ms
Speed: 9.8ms preprocess, 185.6ms inference, 0.6ms postprocess per image at shape (1, 3, 640, 640)

0: 640x640 26 0s, 1 1, 1 2, 174.6ms
Speed: 9.4ms preprocess, 174.6ms inference, 0.6ms postprocess per image at shape (1, 3, 640, 640)

0: 640x640 (no detections), 145.9ms
Speed: 6.0ms preprocess, 145.9ms inference, 0.6ms postprocess per image at shape (1, 3, 640, 640)

0: 640x640 1 3, 155.6ms
Speed: 7.6ms preprocess, 155.6ms inference, 0.5ms postprocess per image at shape (1, 3, 640, 640)

0: 640x640 (no detections), 122.8ms
Speed: 8.8ms preprocess, 122.8ms inference, 0.5ms postprocess per image at shape (1, 3, 640, 640)

0: 640x640 (no detections), 123.9ms
Speed: 12.6ms preprocess, 123.9ms inference, 0.4ms postprocess per image at shape (1, 3, 640, 640)

0: 640x640 2 2s, 1 3, 127.9ms
Speed: 8.4ms preprocess, 127.9ms inference, 0.5ms postprocess per image at shape (1, 3, 640, 640)

0: 640x640 3 0s, 1 2, 5 3s, 126.8ms
Speed: 7.8ms preprocess, 126.8ms inference, 0.5ms postprocess per image at shape (1, 3, 640, 640)

0: 640x640 1 0, 1 1, 1 2, 146.4ms
Speed: 9.4ms preprocess, 146.4ms inference, 0.5ms postprocess per image at shape (1, 3, 640, 640)

0: 640x640 3 0s, 3 1s, 2 3s, 137.5ms
Speed: 9.4ms preprocess, 137.5ms inference, 0.5ms postprocess per image at shape (1, 3, 640, 640)

0: 640x640 8 0s, 1 1, 240.2ms
Speed: 7.9ms preprocess, 240.2ms inference, 0.7ms postprocess per image at shape (1, 3, 640, 640)

0: 640x640 5 0s, 1 1, 1 2, 199.4ms
Speed: 6.7ms preprocess, 199.4ms inference, 0.7ms postprocess per image at shape (1, 3, 640, 640)

0: 640x640 4 0s, 271.1ms
Speed: 7.4ms preprocess, 271.1ms inference, 0.7ms postprocess per image at shape (1, 3, 640, 640)

0: 640x640 18 0s, 3 1s, 182.7ms
Speed: 7.8ms preprocess, 182.7ms inference, 0.7ms postprocess per image at shape (1, 3, 640, 640)

0: 640x640 11 0s, 1 1, 173.4ms
Speed: 7.2ms preprocess, 173.4ms inference, 0.6ms postprocess per image at shape (1, 3, 640, 640)

0: 640x640 20 0s, 2 1s, 4 2s, 111.9ms
Speed: 7.3ms preprocess, 111.9ms inference, 0.6ms postprocess per image at shape (1, 3, 640, 640)

0: 640x640 1 0, 3 1s, 2 2s, 135.9ms
Speed: 7.5ms preprocess, 135.9ms inference, 0.6ms postprocess per image at shape (1, 3, 640, 640)

0: 640x640 13 0s, 2 1s, 134.0ms
Speed: 7.6ms preprocess, 134.0ms inference, 0.6ms postprocess per image at shape (1, 3, 640, 640)

0: 640x640 26 0s, 3 1s, 2 2s, 120.0ms
Speed: 5.7ms preprocess, 120.0ms inference, 0.5ms postprocess per image at shape (1, 3, 640, 640)

0: 640x640 1 0, 149.4ms
Speed: 10.7ms preprocess, 149.4ms inference, 0.7ms postprocess per image at shape (1, 3, 640, 640)

0: 640x640 13 0s, 153.5ms
Speed: 8.7ms preprocess, 153.5ms inference, 0.6ms postprocess per image at shape (1, 3, 640, 640)

0: 640x640 6 0s, 105.5ms
Speed: 7.3ms preprocess, 105.5ms inference, 0.4ms postprocess per image at shape (1, 3, 640, 640)

0: 640x640 7 0s, 5 1s, 1 2, 182.9ms
Speed: 11.9ms preprocess, 182.9ms inference, 0.6ms postprocess per image at shape (1, 3, 640, 640)

0: 640x640 1 1, 1 3, 134.7ms
Speed: 9.6ms preprocess, 134.7ms inference, 0.6ms postprocess per image at shape (1, 3, 640, 640)

0: 640x640 12 0s, 1 2, 144.0ms
Speed: 9.2ms preprocess, 144.0ms inference, 0.6ms postprocess per image at shape (1, 3, 640, 640)

0: 640x640 6 0s, 3 1s, 1 3, 103.0ms
Speed: 6.8ms preprocess, 103.0ms inference, 0.4ms postprocess per image at shape (1, 3, 640, 640)

0: 640x640 26 0s, 5 1s, 2 2s, 160.6ms
Speed: 9.0ms preprocess, 160.6ms inference, 0.6ms postprocess per image at shape (1, 3, 640, 640)

0: 640x640 10 0s, 101.6ms
Speed: 4.7ms preprocess, 101.6ms inference, 0.4ms postprocess per image at shape (1, 3, 640, 640)

0: 640x640 14 0s, 1 1, 1 2, 1 3, 148.9ms
Speed: 7.4ms preprocess, 148.9ms inference, 0.5ms postprocess per image at shape (1, 3, 640, 640)

0: 640x640 1 1, 95.3ms
Speed: 7.2ms preprocess, 95.3ms inference, 0.5ms postprocess per image at shape (1, 3, 640, 640)

0: 640x640 5 0s, 1 3, 132.8ms
Speed: 7.5ms preprocess, 132.8ms inference, 0.5ms postprocess per image at shape (1, 3, 640, 640)

0: 640x640 6 0s, 2 1s, 4 2s, 1 3, 90.2ms
Speed: 4.6ms preprocess, 90.2ms inference, 0.4ms postprocess per image at shape (1, 3, 640, 640)

0: 640x640 18 0s, 3 1s, 2 3s, 110.4ms
Speed: 7.8ms preprocess, 110.4ms inference, 0.5ms postprocess per image at shape (1, 3, 640, 640)

0: 640x640 24 0s, 2 1s, 127.1ms
Speed: 7.7ms preprocess, 127.1ms inference, 0.6ms postprocess per image at shape (1, 3, 640, 640)

0: 640x640 4 0s, 2 3s, 98.2ms
Speed: 6.5ms preprocess, 98.2ms inference, 0.4ms postprocess per image at shape (1, 3, 640, 640)

0: 640x640 17 0s, 12 1s, 1 3, 86.3ms
Speed: 4.8ms preprocess, 86.3ms inference, 0.4ms postprocess per image at shape (1, 3, 640, 640)

0: 640x640 2 0s, 4 3s, 98.1ms
Speed: 5.0ms preprocess, 98.1ms inference, 0.5ms postprocess per image at shape (1, 3, 640, 640)

0: 640x640 1 0, 1 1, 2 3s, 87.3ms
Speed: 5.6ms preprocess, 87.3ms inference, 0.4ms postprocess per image at shape (1, 3, 640, 640)

0: 640x640 2 0s, 1 3, 100.3ms
Speed: 7.3ms preprocess, 100.3ms inference, 0.4ms postprocess per image at shape (1, 3, 640, 640)

0: 640x640 2 2s, 2 3s, 163.4ms
Speed: 8.1ms preprocess, 163.4ms inference, 0.6ms postprocess per image at shape (1, 3, 640, 640)

0: 640x640 18 0s, 1 1, 1 2, 94.9ms
Speed: 5.8ms preprocess, 94.9ms inference, 0.5ms postprocess per image at shape (1, 3, 640, 640)

0: 640x640 2 0s, 9 1s, 1 2, 3 3s, 120.8ms
Speed: 8.7ms preprocess, 120.8ms inference, 0.5ms postprocess per image at shape (1, 3, 640, 640)

0: 640x640 1 3, 113.3ms
Speed: 8.3ms preprocess, 113.3ms inference, 0.4ms postprocess per image at shape (1, 3, 640, 640)

0: 640x640 1 0, 2 1s, 1 3, 127.5ms
Speed: 8.4ms preprocess, 127.5ms inference, 0.5ms postprocess per image at shape (1, 3, 640, 640)

0: 640x640 (no detections), 170.3ms
Speed: 8.4ms preprocess, 170.3ms inference, 0.5ms postprocess per image at shape (1, 3, 640, 640)

0: 640x640 15 0s, 1 1, 2 2s, 3 3s, 143.6ms
Speed: 7.8ms preprocess, 143.6ms inference, 0.4ms postprocess per image at shape (1, 3, 640, 640)

0: 640x640 26 0s, 1 1, 2 2s, 142.2ms
Speed: 6.9ms preprocess, 142.2ms inference, 0.5ms postprocess per image at shape (1, 3, 640, 640)

0: 640x640 14 0s, 142.6ms
Speed: 8.6ms preprocess, 142.6ms inference, 0.6ms postprocess per image at shape (1, 3, 640, 640)

0: 640x640 16 0s, 1 1, 1 3, 166.0ms
Speed: 9.8ms preprocess, 166.0ms inference, 0.6ms postprocess per image at shape (1, 3, 640, 640)

0: 640x640 5 0s, 101.5ms
Speed: 5.4ms preprocess, 101.5ms inference, 0.4ms postprocess per image at shape (1, 3, 640, 640)

0: 640x640 8 0s, 1 2, 144.3ms
Speed: 8.5ms preprocess, 144.3ms inference, 0.6ms postprocess per image at shape (1, 3, 640, 640)

0: 640x640 3 0s, 5 3s, 162.3ms
Speed: 5.6ms preprocess, 162.3ms inference, 0.6ms postprocess per image at shape (1, 3, 640, 640)

0: 640x640 1 0, 1 2, 103.1ms
Speed: 6.4ms preprocess, 103.1ms inference, 0.5ms postprocess per image at shape (1, 3, 640, 640)

0: 640x640 1 0, 3 1s, 1 3, 124.0ms
Speed: 6.4ms preprocess, 124.0ms inference, 0.6ms postprocess per image at shape (1, 3, 640, 640)

0: 640x640 6 0s, 124.9ms
Speed: 6.4ms preprocess, 124.9ms inference, 0.6ms postprocess per image at shape (1, 3, 640, 640)

0: 640x640 8 0s, 2 2s, 180.2ms
Speed: 7.0ms preprocess, 180.2ms inference, 0.5ms postprocess per image at shape (1, 3, 640, 640)

0: 640x640 5 0s, 2 1s, 2 3s, 166.9ms
Speed: 10.7ms preprocess, 166.9ms inference, 0.5ms postprocess per image at shape (1, 3, 640, 640)

0: 640x640 9 0s, 1 3, 118.9ms
Speed: 7.4ms preprocess, 118.9ms inference, 0.6ms postprocess per image at shape (1, 3, 640, 640)

0: 640x640 11 0s, 2 1s, 1 2, 101.3ms
Speed: 5.5ms preprocess, 101.3ms inference, 0.5ms postprocess per image at shape (1, 3, 640, 640)

0: 640x640 1 1, 1 2, 4 3s, 131.9ms
Speed: 7.5ms preprocess, 131.9ms inference, 0.5ms postprocess per image at shape (1, 3, 640, 640)

0: 640x640 12 0s, 2 2s, 125.8ms
Speed: 6.1ms preprocess, 125.8ms inference, 0.5ms postprocess per image at shape (1, 3, 640, 640)

0: 640x640 23 0s, 1 1, 1 2, 147.1ms
Speed: 8.6ms preprocess, 147.1ms inference, 0.6ms postprocess per image at shape (1, 3, 640, 640)

0: 640x640 4 0s, 1 3, 301.7ms
Speed: 8.9ms preprocess, 301.7ms inference, 0.6ms postprocess per image at shape (1, 3, 640, 640)

0: 640x640 7 0s, 2 1s, 1 2, 119.0ms
Speed: 9.0ms preprocess, 119.0ms inference, 0.5ms postprocess per image at shape (1, 3, 640, 640)

0: 640x640 1 0, 1 1, 1 2, 1 3, 171.9ms
Speed: 8.7ms preprocess, 171.9ms inference, 0.6ms postprocess per image at shape (1, 3, 640, 640)

0: 640x640 17 0s, 10 1s, 1 2, 1 3, 115.8ms
Speed: 7.0ms preprocess, 115.8ms inference, 0.4ms postprocess per image at shape (1, 3, 640, 640)

0: 640x640 2 1s, 1 3, 176.3ms
Speed: 5.9ms preprocess, 176.3ms inference, 0.6ms postprocess per image at shape (1, 3, 640, 640)

0: 640x640 13 0s, 1 1, 107.8ms
Speed: 4.7ms preprocess, 107.8ms inference, 0.5ms postprocess per image at shape (1, 3, 640, 640)

0: 640x640 11 0s, 6 1s, 168.4ms
Speed: 8.3ms preprocess, 168.4ms inference, 0.6ms postprocess per image at shape (1, 3, 640, 640)

0: 640x640 6 0s, 3 1s, 1 2, 1 3, 104.4ms
Speed: 4.7ms preprocess, 104.4ms inference, 0.5ms postprocess per image at shape (1, 3, 640, 640)

0: 640x640 10 0s, 1 1, 131.8ms
Speed: 7.4ms preprocess, 131.8ms inference, 2.0ms postprocess per image at shape (1, 3, 640, 640)

0: 640x640 10 0s, 1 3, 92.7ms
Speed: 4.8ms preprocess, 92.7ms inference, 0.4ms postprocess per image at shape (1, 3, 640, 640)

0: 640x640 1 0, 2 1s, 1 3, 98.2ms
Speed: 4.8ms preprocess, 98.2ms inference, 0.4ms postprocess per image at shape (1, 3, 640, 640)

0: 640x640 (no detections), 154.8ms
Speed: 9.4ms preprocess, 154.8ms inference, 0.6ms postprocess per image at shape (1, 3, 640, 640)

0: 640x640 1 0, 1 3, 188.3ms
Speed: 8.5ms preprocess, 188.3ms inference, 0.6ms postprocess per image at shape (1, 3, 640, 640)

0: 640x640 2 0s, 2 2s, 4 3s, 325.2ms
Speed: 7.4ms preprocess, 325.2ms inference, 0.6ms postprocess per image at shape (1, 3, 640, 640)

0: 640x640 4 0s, 2 3s, 278.0ms
Speed: 11.3ms preprocess, 278.0ms inference, 0.5ms postprocess per image at shape (1, 3, 640, 640)

0: 640x640 2 0s, 123.8ms
Speed: 7.2ms preprocess, 123.8ms inference, 0.6ms postprocess per image at shape (1, 3, 640, 640)

0: 640x640 11 0s, 2 1s, 198.7ms
Speed: 17.5ms preprocess, 198.7ms inference, 0.6ms postprocess per image at shape (1, 3, 640, 640)

0: 640x640 7 0s, 1 1, 1 2, 2 3s, 156.9ms
Speed: 7.1ms preprocess, 156.9ms inference, 0.8ms postprocess per image at shape (1, 3, 640, 640)

0: 640x640 4 0s, 2 1s, 112.9ms
Speed: 7.2ms preprocess, 112.9ms inference, 0.5ms postprocess per image at shape (1, 3, 640, 640)

0: 640x640 8 0s, 4 1s, 201.2ms
Speed: 10.4ms preprocess, 201.2ms inference, 0.5ms postprocess per image at shape (1, 3, 640, 640)

0: 640x640 4 0s, 2 1s, 1 3, 171.0ms
Speed: 10.7ms preprocess, 171.0ms inference, 0.5ms postprocess per image at shape (1, 3, 640, 640)

0: 640x640 2 0s, 1 2, 1 3, 105.4ms
Speed: 4.7ms preprocess, 105.4ms inference, 0.5ms postprocess per image at shape (1, 3, 640, 640)

0: 640x640 18 0s, 6 1s, 143.9ms
Speed: 7.4ms preprocess, 143.9ms inference, 0.6ms postprocess per image at shape (1, 3, 640, 640)

0: 640x640 13 0s, 1 1, 1 3, 144.1ms
Speed: 6.7ms preprocess, 144.1ms inference, 0.6ms postprocess per image at shape (1, 3, 640, 640)

0: 640x640 13 0s, 1 2, 1 3, 120.7ms
Speed: 5.8ms preprocess, 120.7ms inference, 0.5ms postprocess per image at shape (1, 3, 640, 640)

0: 640x640 5 0s, 3 1s, 2 2s, 168.7ms
Speed: 7.6ms preprocess, 168.7ms inference, 0.6ms postprocess per image at shape (1, 3, 640, 640)

0: 640x640 22 0s, 4 1s, 1 2, 130.2ms
Speed: 10.2ms preprocess, 130.2ms inference, 0.5ms postprocess per image at shape (1, 3, 640, 640)

0: 640x640 6 0s, 6 1s, 245.2ms
Speed: 7.8ms preprocess, 245.2ms inference, 0.5ms postprocess per image at shape (1, 3, 640, 640)

0: 640x640 6 0s, 2 1s, 1 2, 154.7ms
Speed: 8.1ms preprocess, 154.7ms inference, 0.5ms postprocess per image at shape (1, 3, 640, 640)

0: 640x640 6 0s, 1 2, 115.8ms
Speed: 5.2ms preprocess, 115.8ms inference, 0.5ms postprocess per image at shape (1, 3, 640, 640)

0: 640x640 30 0s, 5 1s, 93.3ms
Speed: 5.0ms preprocess, 93.3ms inference, 0.5ms postprocess per image at shape (1, 3, 640, 640)

0: 640x640 12 0s, 1 3, 101.5ms
Speed: 5.3ms preprocess, 101.5ms inference, 0.4ms postprocess per image at shape (1, 3, 640, 640)

0: 640x640 1 0, 1 3, 149.7ms
Speed: 18.5ms preprocess, 149.7ms inference, 0.4ms postprocess per image at shape (1, 3, 640, 640)

0: 640x640 8 0s, 1 1, 1 2, 1 3, 168.3ms
Speed: 7.6ms preprocess, 168.3ms inference, 2.4ms postprocess per image at shape (1, 3, 640, 640)

0: 640x640 4 0s, 1 1, 375.5ms
Speed: 6.1ms preprocess, 375.5ms inference, 0.6ms postprocess per image at shape (1, 3, 640, 640)

0: 640x640 24 0s, 9 1s, 205.4ms
Speed: 8.7ms preprocess, 205.4ms inference, 0.7ms postprocess per image at shape (1, 3, 640, 640)

0: 640x640 13 0s, 2 3s, 268.2ms
Speed: 7.3ms preprocess, 268.2ms inference, 4.3ms postprocess per image at shape (1, 3, 640, 640)

0: 640x640 15 0s, 2 1s, 1 2, 257.6ms
Speed: 7.8ms preprocess, 257.6ms inference, 0.6ms postprocess per image at shape (1, 3, 640, 640)

0: 640x640 3 0s, 395.2ms
Speed: 9.6ms preprocess, 395.2ms inference, 0.9ms postprocess per image at shape (1, 3, 640, 640)

0: 640x640 17 0s, 1 1, 256.3ms
Speed: 7.1ms preprocess, 256.3ms inference, 0.6ms postprocess per image at shape (1, 3, 640, 640)

0: 640x640 16 0s, 1 1, 1 3, 224.8ms
Speed: 8.1ms preprocess, 224.8ms inference, 0.6ms postprocess per image at shape (1, 3, 640, 640)

0: 640x640 11 0s, 8 1s, 168.6ms
Speed: 5.7ms preprocess, 168.6ms inference, 0.6ms postprocess per image at shape (1, 3, 640, 640)

0: 640x640 12 0s, 1 3, 147.2ms
Speed: 8.5ms preprocess, 147.2ms inference, 0.6ms postprocess per image at shape (1, 3, 640, 640)

0: 640x640 7 0s, 259.4ms
Speed: 9.9ms preprocess, 259.4ms inference, 0.6ms postprocess per image at shape (1, 3, 640, 640)

0: 640x640 6 0s, 1 1, 1 3, 237.1ms
Speed: 8.3ms preprocess, 237.1ms inference, 0.6ms postprocess per image at shape (1, 3, 640, 640)

0: 640x640 2 1s, 4 3s, 338.9ms
Speed: 6.4ms preprocess, 338.9ms inference, 0.7ms postprocess per image at shape (1, 3, 640, 640)

0: 640x640 3 0s, 1 1, 282.0ms
Speed: 13.1ms preprocess, 282.0ms inference, 0.6ms postprocess per image at shape (1, 3, 640, 640)

0: 640x640 23 0s, 1 1, 2 2s, 2 3s, 509.2ms
Speed: 12.7ms preprocess, 509.2ms inference, 0.6ms postprocess per image at shape (1, 3, 640, 640)

0: 640x640 19 0s, 1 1, 1 2, 3 3s, 457.5ms
Speed: 12.7ms preprocess, 457.5ms inference, 0.6ms postprocess per image at shape (1, 3, 640, 640)

0: 640x640 7 0s, 1 1, 1 2, 237.4ms
Speed: 7.1ms preprocess, 237.4ms inference, 0.7ms postprocess per image at shape (1, 3, 640, 640)

0: 640x640 24 0s, 1 1, 1 2, 163.4ms
Speed: 6.7ms preprocess, 163.4ms inference, 0.6ms postprocess per image at shape (1, 3, 640, 640)

0: 640x640 1 2, 172.6ms
Speed: 6.9ms preprocess, 172.6ms inference, 0.7ms postprocess per image at shape (1, 3, 640, 640)

0: 640x640 1 0, 1 2, 308.8ms
Speed: 8.3ms preprocess, 308.8ms inference, 0.8ms postprocess per image at shape (1, 3, 640, 640)

0: 640x640 2 0s, 252.3ms
Speed: 26.0ms preprocess, 252.3ms inference, 0.6ms postprocess per image at shape (1, 3, 640, 640)

0: 640x640 39 0s, 3 1s, 148.2ms
Speed: 5.7ms preprocess, 148.2ms inference, 0.6ms postprocess per image at shape (1, 3, 640, 640)

0: 640x640 4 0s, 1 1, 1 3, 226.5ms
Speed: 14.2ms preprocess, 226.5ms inference, 0.7ms postprocess per image at shape (1, 3, 640, 640)

0: 640x640 2 1s, 1 2, 305.7ms
Speed: 6.6ms preprocess, 305.7ms inference, 0.9ms postprocess per image at shape (1, 3, 640, 640)

0: 640x640 11 0s, 545.3ms
Speed: 8.5ms preprocess, 545.3ms inference, 0.7ms postprocess per image at shape (1, 3, 640, 640)

0: 640x640 9 0s, 2 1s, 2 3s, 374.9ms
Speed: 12.6ms preprocess, 374.9ms inference, 0.8ms postprocess per image at shape (1, 3, 640, 640)

0: 640x640 10 0s, 5 1s, 1 2, 279.3ms
Speed: 9.7ms preprocess, 279.3ms inference, 0.9ms postprocess per image at shape (1, 3, 640, 640)

0: 640x640 22 0s, 3 1s, 202.8ms
Speed: 10.7ms preprocess, 202.8ms inference, 0.6ms postprocess per image at shape (1, 3, 640, 640)

0: 640x640 11 0s, 1 1, 339.1ms
Speed: 9.1ms preprocess, 339.1ms inference, 0.6ms postprocess per image at shape (1, 3, 640, 640)

0: 640x640 4 0s, 3 1s, 1 2, 307.6ms
Speed: 9.7ms preprocess, 307.6ms inference, 0.8ms postprocess per image at shape (1, 3, 640, 640)

0: 640x640 20 0s, 2 1s, 377.0ms
Speed: 8.5ms preprocess, 377.0ms inference, 0.7ms postprocess per image at shape (1, 3, 640, 640)

0: 640x640 15 0s, 1 1, 1 3, 245.8ms
Speed: 9.0ms preprocess, 245.8ms inference, 0.7ms postprocess per image at shape (1, 3, 640, 640)

0: 640x640 2 0s, 256.5ms
Speed: 13.6ms preprocess, 256.5ms inference, 0.5ms postprocess per image at shape (1, 3, 640, 640)

0: 640x640 3 0s, 298.1ms
Speed: 7.8ms preprocess, 298.1ms inference, 0.9ms postprocess per image at shape (1, 3, 640, 640)

0: 640x640 8 0s, 2 2s, 508.7ms
Speed: 7.7ms preprocess, 508.7ms inference, 0.7ms postprocess per image at shape (1, 3, 640, 640)

0: 640x640 1 0, 3 1s, 4119.1ms
Speed: 9.8ms preprocess, 4119.1ms inference, 3.3ms postprocess per image at shape (1, 3, 640, 640)

0: 640x640 10 0s, 1 3, 1774.1ms
Speed: 12.0ms preprocess, 1774.1ms inference, 0.7ms postprocess per image at shape (1, 3, 640, 640)

0: 640x640 (no detections), 716.0ms
Speed: 8.2ms preprocess, 716.0ms inference, 0.6ms postprocess per image at shape (1, 3, 640, 640)

0: 640x640 13 0s, 4 1s, 2 2s, 1866.5ms
Speed: 11.1ms preprocess, 1866.5ms inference, 0.7ms postprocess per image at shape (1, 3, 640, 640)

0: 640x640 5 0s, 1 3, 401.5ms
Speed: 8.8ms preprocess, 401.5ms inference, 0.8ms postprocess per image at shape (1, 3, 640, 640)

0: 640x640 10 0s, 1 1, 219.5ms
Speed: 6.4ms preprocess, 219.5ms inference, 0.8ms postprocess per image at shape (1, 3, 640, 640)

0: 640x640 9 0s, 2 1s, 210.1ms
Speed: 7.2ms preprocess, 210.1ms inference, 0.9ms postprocess per image at shape (1, 3, 640, 640)

0: 640x640 6 0s, 1 1, 767.8ms
Speed: 21.5ms preprocess, 767.8ms inference, 0.9ms postprocess per image at shape (1, 3, 640, 640)

0: 640x640 11 0s, 2 1s, 429.5ms
Speed: 8.0ms preprocess, 429.5ms inference, 0.6ms postprocess per image at shape (1, 3, 640, 640)

0: 640x640 5 0s, 1 3, 334.1ms
Speed: 13.7ms preprocess, 334.1ms inference, 0.7ms postprocess per image at shape (1, 3, 640, 640)

0: 640x640 8 0s, 3 1s, 292.1ms
Speed: 9.3ms preprocess, 292.1ms inference, 0.7ms postprocess per image at shape (1, 3, 640, 640)

0: 640x640 1 0, 1 2, 1 3, 177.6ms
Speed: 8.3ms preprocess, 177.6ms inference, 0.6ms postprocess per image at shape (1, 3, 640, 640)

0: 640x640 18 0s, 10 1s, 164.4ms
Speed: 12.3ms preprocess, 164.4ms inference, 0.6ms postprocess per image at shape (1, 3, 640, 640)

0: 640x640 7 0s, 5 1s, 1 2, 95.9ms
Speed: 6.6ms preprocess, 95.9ms inference, 0.4ms postprocess per image at shape (1, 3, 640, 640)

0: 640x640 27 0s, 1 1, 2 3s, 146.2ms
Speed: 9.1ms preprocess, 146.2ms inference, 0.6ms postprocess per image at shape (1, 3, 640, 640)

0: 640x640 2 0s, 1 2, 1 3, 139.5ms
Speed: 7.7ms preprocess, 139.5ms inference, 0.6ms postprocess per image at shape (1, 3, 640, 640)

0: 640x640 12 0s, 1 1, 3 3s, 126.6ms
Speed: 9.3ms preprocess, 126.6ms inference, 0.5ms postprocess per image at shape (1, 3, 640, 640)

0: 640x640 16 0s, 2 1s, 1 2, 187.3ms
Speed: 7.7ms preprocess, 187.3ms inference, 0.8ms postprocess per image at shape (1, 3, 640, 640)

0: 640x640 1 3, 209.4ms
Speed: 8.6ms preprocess, 209.4ms inference, 0.6ms postprocess per image at shape (1, 3, 640, 640)

0: 640x640 2 0s, 4 3s, 216.7ms
Speed: 9.3ms preprocess, 216.7ms inference, 0.7ms postprocess per image at shape (1, 3, 640, 640)

0: 640x640 3 0s, 4 1s, 2 3s, 174.9ms
Speed: 7.1ms preprocess, 174.9ms inference, 0.6ms postprocess per image at shape (1, 3, 640, 640)

0: 640x640 10 0s, 2 1s, 1 2, 205.8ms
Speed: 23.3ms preprocess, 205.8ms inference, 0.6ms postprocess per image at shape (1, 3, 640, 640)

0: 640x640 4 0s, 1 1, 214.2ms
Speed: 7.5ms preprocess, 214.2ms inference, 0.6ms postprocess per image at shape (1, 3, 640, 640)

0: 640x640 1 0, 440.6ms
Speed: 11.6ms preprocess, 440.6ms inference, 0.7ms postprocess per image at shape (1, 3, 640, 640)

0: 640x640 20 0s, 1 1, 1 3, 197.8ms
Speed: 6.9ms preprocess, 197.8ms inference, 0.7ms postprocess per image at shape (1, 3, 640, 640)

0: 640x640 16 0s, 1 1, 178.1ms
Speed: 6.6ms preprocess, 178.1ms inference, 0.7ms postprocess per image at shape (1, 3, 640, 640)

0: 640x640 6 0s, 7 1s, 1 2, 6 3s, 117.0ms
Speed: 5.3ms preprocess, 117.0ms inference, 0.5ms postprocess per image at shape (1, 3, 640, 640)

0: 640x640 5 0s, 5 1s, 1 2, 2 3s, 167.6ms
Speed: 6.8ms preprocess, 167.6ms inference, 0.4ms postprocess per image at shape (1, 3, 640, 640)

0: 640x640 10 0s, 1 2, 150.7ms
Speed: 7.0ms preprocess, 150.7ms inference, 0.6ms postprocess per image at shape (1, 3, 640, 640)

0: 640x640 7 0s, 4 1s, 1 2, 214.3ms
Speed: 6.7ms preprocess, 214.3ms inference, 0.6ms postprocess per image at shape (1, 3, 640, 640)

0: 640x640 18 0s, 1 1, 1 3, 193.0ms
Speed: 6.9ms preprocess, 193.0ms inference, 0.6ms postprocess per image at shape (1, 3, 640, 640)

0: 640x640 5 0s, 4 1s, 143.2ms
Speed: 4.7ms preprocess, 143.2ms inference, 0.7ms postprocess per image at shape (1, 3, 640, 640)

0: 640x640 6 0s, 2 3s, 156.3ms
Speed: 6.4ms preprocess, 156.3ms inference, 0.5ms postprocess per image at shape (1, 3, 640, 640)

0: 640x640 1 3, 182.3ms
Speed: 7.4ms preprocess, 182.3ms inference, 0.6ms postprocess per image at shape (1, 3, 640, 640)

0: 640x640 23 0s, 4 1s, 161.3ms
Speed: 8.6ms preprocess, 161.3ms inference, 0.6ms postprocess per image at shape (1, 3, 640, 640)

0: 640x640 7 0s, 1 1, 274.7ms
Speed: 10.0ms preprocess, 274.7ms inference, 0.5ms postprocess per image at shape (1, 3, 640, 640)

0: 640x640 11 0s, 2 1s, 1 2, 1 3, 185.7ms
Speed: 6.4ms preprocess, 185.7ms inference, 0.7ms postprocess per image at shape (1, 3, 640, 640)

0: 640x640 6 0s, 2 3s, 126.2ms
Speed: 6.6ms preprocess, 126.2ms inference, 0.5ms postprocess per image at shape (1, 3, 640, 640)

0: 640x640 8 0s, 2 1s, 214.9ms
Speed: 5.4ms preprocess, 214.9ms inference, 0.6ms postprocess per image at shape (1, 3, 640, 640)

0: 640x640 5 0s, 210.4ms
Speed: 9.6ms preprocess, 210.4ms inference, 0.5ms postprocess per image at shape (1, 3, 640, 640)

0: 640x640 10 0s, 2 1s, 192.2ms
Speed: 8.9ms preprocess, 192.2ms inference, 0.5ms postprocess per image at shape (1, 3, 640, 640)

0: 640x640 3 0s, 2 1s, 1 2, 1 3, 203.5ms
Speed: 8.7ms preprocess, 203.5ms inference, 0.7ms postprocess per image at shape (1, 3, 640, 640)

0: 640x640 2 0s, 1 2, 1 3, 233.5ms
Speed: 17.3ms preprocess, 233.5ms inference, 0.6ms postprocess per image at shape (1, 3, 640, 640)

0: 640x640 10 0s, 2 1s, 165.7ms
Speed: 10.0ms preprocess, 165.7ms inference, 0.6ms postprocess per image at shape (1, 3, 640, 640)

0: 640x640 3 0s, 7 1s, 180.5ms
Speed: 16.0ms preprocess, 180.5ms inference, 0.6ms postprocess per image at shape (1, 3, 640, 640)

0: 640x640 1 0, 1 2, 1 3, 212.9ms
Speed: 11.9ms preprocess, 212.9ms inference, 0.8ms postprocess per image at shape (1, 3, 640, 640)

0: 640x640 8 0s, 1 2, 210.7ms
Speed: 7.7ms preprocess, 210.7ms inference, 0.5ms postprocess per image at shape (1, 3, 640, 640)

0: 640x640 13 0s, 8 1s, 2 2s, 1 3, 105.2ms
Speed: 7.7ms preprocess, 105.2ms inference, 0.5ms postprocess per image at shape (1, 3, 640, 640)

0: 640x640 9 0s, 1 1, 239.5ms
Speed: 11.6ms preprocess, 239.5ms inference, 0.8ms postprocess per image at shape (1, 3, 640, 640)

0: 640x640 13 0s, 5 1s, 185.9ms
Speed: 8.1ms preprocess, 185.9ms inference, 0.9ms postprocess per image at shape (1, 3, 640, 640)

0: 640x640 6 0s, 2 1s, 2 2s, 215.8ms
Speed: 8.1ms preprocess, 215.8ms inference, 0.6ms postprocess per image at shape (1, 3, 640, 640)

0: 640x640 1 0, 3 1s, 3 3s, 398.0ms
Speed: 15.4ms preprocess, 398.0ms inference, 0.8ms postprocess per image at shape (1, 3, 640, 640)

0: 640x640 3 1s, 3 3s, 174.4ms
Speed: 7.5ms preprocess, 174.4ms inference, 0.9ms postprocess per image at shape (1, 3, 640, 640)

0: 640x640 16 0s, 2 1s, 2 2s, 1 3, 391.5ms
Speed: 9.4ms preprocess, 391.5ms inference, 0.7ms postprocess per image at shape (1, 3, 640, 640)

0: 640x640 2 0s, 172.4ms
Speed: 7.3ms preprocess, 172.4ms inference, 0.9ms postprocess per image at shape (1, 3, 640, 640)

0: 640x640 13 0s, 5 1s, 1 2, 215.1ms
Speed: 6.7ms preprocess, 215.1ms inference, 0.7ms postprocess per image at shape (1, 3, 640, 640)

0: 640x640 8 0s, 248.1ms
Speed: 14.1ms preprocess, 248.1ms inference, 0.8ms postprocess per image at shape (1, 3, 640, 640)

0: 640x640 24 0s, 6 1s, 4 2s, 231.1ms
Speed: 8.1ms preprocess, 231.1ms inference, 0.7ms postprocess per image at shape (1, 3, 640, 640)

0: 640x640 1 1, 153.5ms
Speed: 7.7ms preprocess, 153.5ms inference, 0.7ms postprocess per image at shape (1, 3, 640, 640)

0: 640x640 9 0s, 3 1s, 322.2ms
Speed: 9.7ms preprocess, 322.2ms inference, 0.5ms postprocess per image at shape (1, 3, 640, 640)

0: 640x640 17 0s, 6 1s, 167.4ms
Speed: 8.6ms preprocess, 167.4ms inference, 0.5ms postprocess per image at shape (1, 3, 640, 640)

0: 640x640 21 0s, 1 1, 245.2ms
Speed: 8.6ms preprocess, 245.2ms inference, 8.1ms postprocess per image at shape (1, 3, 640, 640)

0: 640x640 18 0s, 6 1s, 158.9ms
Speed: 7.0ms preprocess, 158.9ms inference, 0.6ms postprocess per image at shape (1, 3, 640, 640)

0: 640x640 2 0s, 2 1s, 124.8ms
Speed: 6.3ms preprocess, 124.8ms inference, 0.5ms postprocess per image at shape (1, 3, 640, 640)

0: 640x640 1 0, 3 1s, 501.8ms
Speed: 11.2ms preprocess, 501.8ms inference, 0.7ms postprocess per image at shape (1, 3, 640, 640)

0: 640x640 2 0s, 2 1s, 349.8ms
Speed: 7.3ms preprocess, 349.8ms inference, 0.9ms postprocess per image at shape (1, 3, 640, 640)

0: 640x640 35 0s, 2 1s, 224.1ms
Speed: 9.5ms preprocess, 224.1ms inference, 0.8ms postprocess per image at shape (1, 3, 640, 640)

0: 640x640 26 0s, 3 1s, 258.7ms
Speed: 8.5ms preprocess, 258.7ms inference, 0.8ms postprocess per image at shape (1, 3, 640, 640)

0: 640x640 23 0s, 4 1s, 300.2ms
Speed: 10.1ms preprocess, 300.2ms inference, 0.6ms postprocess per image at shape (1, 3, 640, 640)

0: 640x640 7 0s, 288.5ms
Speed: 7.6ms preprocess, 288.5ms inference, 0.7ms postprocess per image at shape (1, 3, 640, 640)

0: 640x640 3 1s, 2 3s, 310.2ms
Speed: 12.1ms preprocess, 310.2ms inference, 1.8ms postprocess per image at shape (1, 3, 640, 640)

0: 640x640 6 0s, 1 1, 285.0ms
Speed: 11.1ms preprocess, 285.0ms inference, 0.7ms postprocess per image at shape (1, 3, 640, 640)

0: 640x640 13 0s, 2 1s, 1 3, 238.8ms
Speed: 9.5ms preprocess, 238.8ms inference, 0.7ms postprocess per image at shape (1, 3, 640, 640)

0: 640x640 14 0s, 3 1s, 151.8ms
Speed: 7.3ms preprocess, 151.8ms inference, 0.9ms postprocess per image at shape (1, 3, 640, 640)

0: 640x640 22 0s, 1 3, 239.4ms
Speed: 9.8ms preprocess, 239.4ms inference, 1.6ms postprocess per image at shape (1, 3, 640, 640)

0: 640x640 18 0s, 4 1s, 148.6ms
Speed: 9.2ms preprocess, 148.6ms inference, 0.7ms postprocess per image at shape (1, 3, 640, 640)

0: 640x640 4 0s, 4 3s, 170.2ms
Speed: 8.7ms preprocess, 170.2ms inference, 0.6ms postprocess per image at shape (1, 3, 640, 640)

0: 640x640 1 0, 1 2, 208.3ms
Speed: 9.7ms preprocess, 208.3ms inference, 0.6ms postprocess per image at shape (1, 3, 640, 640)

0: 640x640 1 3, 167.5ms
Speed: 7.0ms preprocess, 167.5ms inference, 0.6ms postprocess per image at shape (1, 3, 640, 640)

0: 640x640 3 0s, 1 2, 2 3s, 415.0ms
Speed: 7.3ms preprocess, 415.0ms inference, 0.7ms postprocess per image at shape (1, 3, 640, 640)

0: 640x640 2 3s, 204.1ms
Speed: 7.9ms preprocess, 204.1ms inference, 0.7ms postprocess per image at shape (1, 3, 640, 640)

0: 640x640 3 0s, 3 2s, 3 3s, 467.3ms
Speed: 7.9ms preprocess, 467.3ms inference, 0.9ms postprocess per image at shape (1, 3, 640, 640)

0: 640x640 12 0s, 6 1s, 2 2s, 106.1ms
Speed: 6.5ms preprocess, 106.1ms inference, 0.5ms postprocess per image at shape (1, 3, 640, 640)

0: 640x640 27 0s, 4 1s, 97.4ms
Speed: 6.8ms preprocess, 97.4ms inference, 0.4ms postprocess per image at shape (1, 3, 640, 640)

0: 640x640 25 0s, 2 1s, 266.8ms
Speed: 8.3ms preprocess, 266.8ms inference, 0.6ms postprocess per image at shape (1, 3, 640, 640)

0: 640x640 28 0s, 1 1, 204.4ms
Speed: 11.1ms preprocess, 204.4ms inference, 0.6ms postprocess per image at shape (1, 3, 640, 640)

0: 640x640 20 0s, 3 1s, 192.6ms
Speed: 13.3ms preprocess, 192.6ms inference, 0.6ms postprocess per image at shape (1, 3, 640, 640)

0: 640x640 9 0s, 1 1, 111.9ms
Speed: 6.9ms preprocess, 111.9ms inference, 0.5ms postprocess per image at shape (1, 3, 640, 640)

0: 640x640 14 0s, 2 1s, 1 2, 137.0ms
Speed: 10.9ms preprocess, 137.0ms inference, 0.6ms postprocess per image at shape (1, 3, 640, 640)

0: 640x640 17 0s, 7 1s, 1 2, 176.6ms
Speed: 8.0ms preprocess, 176.6ms inference, 0.6ms postprocess per image at shape (1, 3, 640, 640)

0: 640x640 21 0s, 183.4ms
Speed: 8.1ms preprocess, 183.4ms inference, 0.8ms postprocess per image at shape (1, 3, 640, 640)

0: 640x640 3 0s, 2 1s, 2 2s, 372.2ms
Speed: 7.0ms preprocess, 372.2ms inference, 0.6ms postprocess per image at shape (1, 3, 640, 640)

0: 640x640 25 0s, 148.8ms
Speed: 7.5ms preprocess, 148.8ms inference, 0.6ms postprocess per image at shape (1, 3, 640, 640)

0: 640x640 24 0s, 4 1s, 1 2, 348.3ms
Speed: 7.9ms preprocess, 348.3ms inference, 0.5ms postprocess per image at shape (1, 3, 640, 640)

0: 640x640 12 0s, 162.3ms
Speed: 8.6ms preprocess, 162.3ms inference, 0.8ms postprocess per image at shape (1, 3, 640, 640)

0: 640x640 10 0s, 1 2, 163.7ms
Speed: 6.6ms preprocess, 163.7ms inference, 0.6ms postprocess per image at shape (1, 3, 640, 640)

0: 640x640 2 0s, 211.2ms
Speed: 10.7ms preprocess, 211.2ms inference, 0.9ms postprocess per image at shape (1, 3, 640, 640)

0: 640x640 15 0s, 2 1s, 155.4ms
Speed: 8.5ms preprocess, 155.4ms inference, 0.6ms postprocess per image at shape (1, 3, 640, 640)

0: 640x640 1 0, 1 3, 135.6ms
Speed: 8.6ms preprocess, 135.6ms inference, 0.5ms postprocess per image at shape (1, 3, 640, 640)

0: 640x640 30 0s, 6 1s, 3 2s, 152.9ms
Speed: 9.1ms preprocess, 152.9ms inference, 0.6ms postprocess per image at shape (1, 3, 640, 640)

0: 640x640 7 0s, 4 1s, 1 3, 206.6ms
Speed: 13.0ms preprocess, 206.6ms inference, 0.7ms postprocess per image at shape (1, 3, 640, 640)

0: 640x640 2 0s, 3 1s, 2 3s, 311.4ms
Speed: 9.6ms preprocess, 311.4ms inference, 0.9ms postprocess per image at shape (1, 3, 640, 640)

0: 640x640 2 0s, 1 3, 168.0ms
Speed: 8.1ms preprocess, 168.0ms inference, 0.6ms postprocess per image at shape (1, 3, 640, 640)

0: 640x640 2 0s, 2 3s, 150.4ms
Speed: 11.6ms preprocess, 150.4ms inference, 0.5ms postprocess per image at shape (1, 3, 640, 640)

0: 640x640 2 3s, 172.1ms
Speed: 11.7ms preprocess, 172.1ms inference, 0.6ms postprocess per image at shape (1, 3, 640, 640)

0: 640x640 2 0s, 4 1s, 2 3s, 237.9ms
Speed: 8.1ms preprocess, 237.9ms inference, 0.8ms postprocess per image at shape (1, 3, 640, 640)

0: 640x640 10 0s, 1 1, 2 3s, 316.8ms
Speed: 7.0ms preprocess, 316.8ms inference, 0.6ms postprocess per image at shape (1, 3, 640, 640)

0: 640x640 19 0s, 2 1s, 165.2ms
Speed: 10.3ms preprocess, 165.2ms inference, 0.6ms postprocess per image at shape (1, 3, 640, 640)

0: 640x640 2 0s, 2 1s, 1 2, 3 3s, 226.7ms
Speed: 10.9ms preprocess, 226.7ms inference, 0.7ms postprocess per image at shape (1, 3, 640, 640)

0: 640x640 10 0s, 2 1s, 226.2ms
Speed: 10.2ms preprocess, 226.2ms inference, 0.7ms postprocess per image at shape (1, 3, 640, 640)

0: 640x640 2 3s, 185.3ms
Speed: 16.5ms preprocess, 185.3ms inference, 0.8ms postprocess per image at shape (1, 3, 640, 640)

0: 640x640 6 0s, 1 1, 1 2, 1 3, 246.3ms
Speed: 8.5ms preprocess, 246.3ms inference, 0.6ms postprocess per image at shape (1, 3, 640, 640)

0: 640x640 1 3, 208.6ms
Speed: 10.0ms preprocess, 208.6ms inference, 0.8ms postprocess per image at shape (1, 3, 640, 640)

0: 640x640 12 0s, 1 1, 1 3, 407.7ms
Speed: 12.4ms preprocess, 407.7ms inference, 0.9ms postprocess per image at shape (1, 3, 640, 640)

0: 640x640 7 0s, 2 1s, 1 2, 291.0ms
Speed: 9.1ms preprocess, 291.0ms inference, 0.8ms postprocess per image at shape (1, 3, 640, 640)

0: 640x640 6 0s, 1 1, 254.8ms
Speed: 7.2ms preprocess, 254.8ms inference, 0.5ms postprocess per image at shape (1, 3, 640, 640)

0: 640x640 10 0s, 3 1s, 4 3s, 130.0ms
Speed: 6.7ms preprocess, 130.0ms inference, 0.6ms postprocess per image at shape (1, 3, 640, 640)

0: 640x640 9 0s, 1 1, 1 2, 160.5ms
Speed: 8.5ms preprocess, 160.5ms inference, 0.8ms postprocess per image at shape (1, 3, 640, 640)

0: 640x640 2 0s, 1 3, 299.2ms
Speed: 23.5ms preprocess, 299.2ms inference, 0.7ms postprocess per image at shape (1, 3, 640, 640)

0: 640x640 2 0s, 4 1s, 3 3s, 174.5ms
Speed: 6.5ms preprocess, 174.5ms inference, 0.7ms postprocess per image at shape (1, 3, 640, 640)

0: 640x640 1 0, 1 1, 195.9ms
Speed: 43.8ms preprocess, 195.9ms inference, 0.5ms postprocess per image at shape (1, 3, 640, 640)

0: 640x640 12 0s, 3 1s, 1 3, 143.4ms
Speed: 7.5ms preprocess, 143.4ms inference, 0.5ms postprocess per image at shape (1, 3, 640, 640)

0: 640x640 (no detections), 133.7ms
Speed: 7.3ms preprocess, 133.7ms inference, 0.5ms postprocess per image at shape (1, 3, 640, 640)

0: 640x640 10 0s, 3 1s, 1 3, 177.4ms
Speed: 8.0ms preprocess, 177.4ms inference, 0.6ms postprocess per image at shape (1, 3, 640, 640)

0: 640x640 1 3, 171.8ms
Speed: 8.6ms preprocess, 171.8ms inference, 0.5ms postprocess per image at shape (1, 3, 640, 640)

0: 640x640 6 0s, 1 1, 2 2s, 2 3s, 267.4ms
Speed: 11.6ms preprocess, 267.4ms inference, 0.5ms postprocess per image at shape (1, 3, 640, 640)

0: 640x640 7 0s, 2 1s, 1 2, 207.6ms
Speed: 11.7ms preprocess, 207.6ms inference, 0.7ms postprocess per image at shape (1, 3, 640, 640)

0: 640x640 13 0s, 4 1s, 131.5ms
Speed: 8.1ms preprocess, 131.5ms inference, 0.6ms postprocess per image at shape (1, 3, 640, 640)

0: 640x640 11 0s, 330.8ms
Speed: 7.4ms preprocess, 330.8ms inference, 0.6ms postprocess per image at shape (1, 3, 640, 640)

0: 640x640 2 3s, 160.8ms
Speed: 10.2ms preprocess, 160.8ms inference, 0.6ms postprocess per image at shape (1, 3, 640, 640)

0: 640x640 29 0s, 1 1, 446.8ms
Speed: 9.5ms preprocess, 446.8ms inference, 0.6ms postprocess per image at shape (1, 3, 640, 640)

0: 640x640 22 0s, 2 1s, 1 2, 1 3, 172.3ms
Speed: 7.9ms preprocess, 172.3ms inference, 0.6ms postprocess per image at shape (1, 3, 640, 640)

0: 640x640 8 0s, 1 1, 133.7ms
Speed: 7.6ms preprocess, 133.7ms inference, 0.6ms postprocess per image at shape (1, 3, 640, 640)

0: 640x640 15 0s, 2 1s, 2 2s, 1 3, 173.7ms
Speed: 8.2ms preprocess, 173.7ms inference, 0.5ms postprocess per image at shape (1, 3, 640, 640)

0: 640x640 20 0s, 3 1s, 154.0ms
Speed: 11.6ms preprocess, 154.0ms inference, 0.7ms postprocess per image at shape (1, 3, 640, 640)

0: 640x640 15 0s, 1 3, 285.4ms
Speed: 9.8ms preprocess, 285.4ms inference, 0.6ms postprocess per image at shape (1, 3, 640, 640)

0: 640x640 21 0s, 1 1, 1 2, 380.7ms
Speed: 10.9ms preprocess, 380.7ms inference, 0.7ms postprocess per image at shape (1, 3, 640, 640)

0: 640x640 2 0s, 4 1s, 3 3s, 388.8ms
Speed: 6.4ms preprocess, 388.8ms inference, 0.6ms postprocess per image at shape (1, 3, 640, 640)

0: 640x640 2 0s, 4 1s, 1 2, 2 3s, 152.0ms
Speed: 5.2ms preprocess, 152.0ms inference, 0.6ms postprocess per image at shape (1, 3, 640, 640)

0: 640x640 18 0s, 3 1s, 1 2, 145.1ms
Speed: 6.0ms preprocess, 145.1ms inference, 0.5ms postprocess per image at shape (1, 3, 640, 640)

0: 640x640 3 0s, 6 1s, 1 2, 256.9ms
Speed: 7.1ms preprocess, 256.9ms inference, 0.5ms postprocess per image at shape (1, 3, 640, 640)

0: 640x640 9 0s, 1 1, 2 3s, 183.1ms
Speed: 10.3ms preprocess, 183.1ms inference, 0.5ms postprocess per image at shape (1, 3, 640, 640)

0: 640x640 5 0s, 3 1s, 1 3, 162.3ms
Speed: 9.5ms preprocess, 162.3ms inference, 0.6ms postprocess per image at shape (1, 3, 640, 640)

0: 640x640 13 0s, 1 1, 370.2ms
Speed: 8.8ms preprocess, 370.2ms inference, 0.7ms postprocess per image at shape (1, 3, 640, 640)

0: 640x640 13 0s, 6 1s, 440.7ms
Speed: 13.6ms preprocess, 440.7ms inference, 0.5ms postprocess per image at shape (1, 3, 640, 640)

0: 640x640 22 0s, 2 1s, 946.4ms
Speed: 35.2ms preprocess, 946.4ms inference, 0.6ms postprocess per image at shape (1, 3, 640, 640)

0: 640x640 15 0s, 2 1s, 524.1ms
Speed: 11.6ms preprocess, 524.1ms inference, 0.8ms postprocess per image at shape (1, 3, 640, 640)

0: 640x640 10 0s, 2 1s, 1 2, 999.9ms
Speed: 9.7ms preprocess, 999.9ms inference, 0.6ms postprocess per image at shape (1, 3, 640, 640)

0: 640x640 18 0s, 5 1s, 169.1ms
Speed: 8.8ms preprocess, 169.1ms inference, 1.0ms postprocess per image at shape (1, 3, 640, 640)

0: 640x640 13 0s, 4 1s, 1 2, 1 3, 146.3ms
Speed: 27.2ms preprocess, 146.3ms inference, 0.6ms postprocess per image at shape (1, 3, 640, 640)

0: 640x640 16 0s, 2 1s, 1 3, 238.5ms
Speed: 10.1ms preprocess, 238.5ms inference, 0.7ms postprocess per image at shape (1, 3, 640, 640)

0: 640x640 27 0s, 1 1, 420.9ms
Speed: 12.8ms preprocess, 420.9ms inference, 0.7ms postprocess per image at shape (1, 3, 640, 640)

0: 640x640 2 0s, 1 1, 159.2ms
Speed: 24.4ms preprocess, 159.2ms inference, 0.5ms postprocess per image at shape (1, 3, 640, 640)

0: 640x640 6 0s, 5 1s, 4 3s, 148.8ms
Speed: 7.6ms preprocess, 148.8ms inference, 0.6ms postprocess per image at shape (1, 3, 640, 640)

0: 640x640 14 0s, 3 1s, 150.1ms
Speed: 7.9ms preprocess, 150.1ms inference, 0.5ms postprocess per image at shape (1, 3, 640, 640)

0: 640x640 1 0, 125.8ms
Speed: 7.1ms preprocess, 125.8ms inference, 0.6ms postprocess per image at shape (1, 3, 640, 640)

0: 640x640 9 0s, 108.8ms
Speed: 6.0ms preprocess, 108.8ms inference, 0.5ms postprocess per image at shape (1, 3, 640, 640)

0: 640x640 11 0s, 1 1, 132.0ms
Speed: 8.1ms preprocess, 132.0ms inference, 0.6ms postprocess per image at shape (1, 3, 640, 640)

0: 640x640 24 0s, 7 1s, 1 2, 144.4ms
Speed: 8.3ms preprocess, 144.4ms inference, 0.5ms postprocess per image at shape (1, 3, 640, 640)

0: 640x640 13 0s, 1 1, 252.0ms
Speed: 12.8ms preprocess, 252.0ms inference, 0.6ms postprocess per image at shape (1, 3, 640, 640)

0: 640x640 2 0s, 339.6ms
Speed: 12.7ms preprocess, 339.6ms inference, 0.7ms postprocess per image at shape (1, 3, 640, 640)

0: 640x640 14 0s, 2 1s, 1 3, 208.0ms
Speed: 11.0ms preprocess, 208.0ms inference, 0.6ms postprocess per image at shape (1, 3, 640, 640)

0: 640x640 23 0s, 2 1s, 1 2, 223.9ms
Speed: 7.9ms preprocess, 223.9ms inference, 0.6ms postprocess per image at shape (1, 3, 640, 640)

0: 640x640 3 0s, 1 1, 3 3s, 169.7ms
Speed: 5.2ms preprocess, 169.7ms inference, 0.5ms postprocess per image at shape (1, 3, 640, 640)

0: 640x640 4 0s, 6 1s, 144.3ms
Speed: 10.8ms preprocess, 144.3ms inference, 0.5ms postprocess per image at shape (1, 3, 640, 640)

0: 640x640 1 3, 146.3ms
Speed: 9.6ms preprocess, 146.3ms inference, 0.6ms postprocess per image at shape (1, 3, 640, 640)

0: 640x640 2 0s, 1 1, 1 3, 180.3ms
Speed: 11.4ms preprocess, 180.3ms inference, 0.7ms postprocess per image at shape (1, 3, 640, 640)

0: 640x640 1 2, 5 3s, 204.1ms
Speed: 7.0ms preprocess, 204.1ms inference, 0.9ms postprocess per image at shape (1, 3, 640, 640)

0: 640x640 (no detections), 351.8ms
Speed: 7.7ms preprocess, 351.8ms inference, 0.6ms postprocess per image at shape (1, 3, 640, 640)

0: 640x640 41 0s, 4 1s, 142.2ms
Speed: 7.1ms preprocess, 142.2ms inference, 0.6ms postprocess per image at shape (1, 3, 640, 640)

0: 640x640 1 0, 1 1, 337.9ms
Speed: 7.2ms preprocess, 337.9ms inference, 0.7ms postprocess per image at shape (1, 3, 640, 640)

0: 640x640 1 1, 7 3s, 460.7ms
Speed: 7.7ms preprocess, 460.7ms inference, 0.8ms postprocess per image at shape (1, 3, 640, 640)

0: 640x640 2 0s, 1 1, 1 2, 6 3s, 202.6ms
Speed: 8.9ms preprocess, 202.6ms inference, 0.6ms postprocess per image at shape (1, 3, 640, 640)

0: 640x640 10 0s, 1 1, 3 3s, 278.6ms
Speed: 10.5ms preprocess, 278.6ms inference, 0.6ms postprocess per image at shape (1, 3, 640, 640)

0: 640x640 7 0s, 3 1s, 1 2, 191.3ms
Speed: 7.2ms preprocess, 191.3ms inference, 0.6ms postprocess per image at shape (1, 3, 640, 640)

0: 640x640 2 0s, 1 1, 1 3, 123.5ms
Speed: 7.4ms preprocess, 123.5ms inference, 0.7ms postprocess per image at shape (1, 3, 640, 640)

0: 640x640 5 0s, 8 1s, 1 2, 1 3, 146.1ms
Speed: 7.9ms preprocess, 146.1ms inference, 0.6ms postprocess per image at shape (1, 3, 640, 640)

0: 640x640 9 0s, 1 1, 226.4ms
Speed: 7.2ms preprocess, 226.4ms inference, 0.6ms postprocess per image at shape (1, 3, 640, 640)

0: 640x640 9 0s, 2 1s, 225.2ms
Speed: 15.0ms preprocess, 225.2ms inference, 0.7ms postprocess per image at shape (1, 3, 640, 640)

0: 640x640 10 0s, 3 1s, 1 2, 280.4ms
Speed: 6.0ms preprocess, 280.4ms inference, 0.6ms postprocess per image at shape (1, 3, 640, 640)

0: 640x640 27 0s, 3 1s, 2 2s, 340.6ms
Speed: 5.1ms preprocess, 340.6ms inference, 0.7ms postprocess per image at shape (1, 3, 640, 640)

0: 640x640 3 0s, 312.7ms
Speed: 7.7ms preprocess, 312.7ms inference, 0.5ms postprocess per image at shape (1, 3, 640, 640)

0: 640x640 6 0s, 245.6ms
Speed: 10.1ms preprocess, 245.6ms inference, 0.6ms postprocess per image at shape (1, 3, 640, 640)

0: 640x640 8 0s, 1 1, 1 2, 4 3s, 210.8ms
Speed: 8.1ms preprocess, 210.8ms inference, 0.6ms postprocess per image at shape (1, 3, 640, 640)

0: 640x640 16 0s, 6 1s, 3 2s, 295.2ms
Speed: 9.5ms preprocess, 295.2ms inference, 0.6ms postprocess per image at shape (1, 3, 640, 640)

0: 640x640 1 0, 1 1, 2 3s, 264.0ms
Speed: 8.7ms preprocess, 264.0ms inference, 0.8ms postprocess per image at shape (1, 3, 640, 640)

0: 640x640 (no detections), 258.6ms
Speed: 9.2ms preprocess, 258.6ms inference, 0.6ms postprocess per image at shape (1, 3, 640, 640)

0: 640x640 20 0s, 6 1s, 199.5ms
Speed: 9.7ms preprocess, 199.5ms inference, 0.6ms postprocess per image at shape (1, 3, 640, 640)

0: 640x640 (no detections), 217.2ms
Speed: 12.6ms preprocess, 217.2ms inference, 0.6ms postprocess per image at shape (1, 3, 640, 640)

0: 640x640 1 2, 167.9ms
Speed: 7.9ms preprocess, 167.9ms inference, 0.5ms postprocess per image at shape (1, 3, 640, 640)

0: 640x640 7 0s, 1 1, 125.7ms
Speed: 6.9ms preprocess, 125.7ms inference, 0.6ms postprocess per image at shape (1, 3, 640, 640)

0: 640x640 13 0s, 3 1s, 1 2, 2 3s, 676.3ms
Speed: 9.8ms preprocess, 676.3ms inference, 0.6ms postprocess per image at shape (1, 3, 640, 640)

0: 640x640 31 0s, 2 1s, 1 2, 364.1ms
Speed: 10.2ms preprocess, 364.1ms inference, 0.6ms postprocess per image at shape (1, 3, 640, 640)

0: 640x640 13 1s, 1 2, 1 3, 296.6ms
Speed: 9.8ms preprocess, 296.6ms inference, 0.6ms postprocess per image at shape (1, 3, 640, 640)

0: 640x640 5 0s, 2 1s, 3 2s, 184.0ms
Speed: 6.5ms preprocess, 184.0ms inference, 0.4ms postprocess per image at shape (1, 3, 640, 640)

0: 640x640 23 0s, 8 1s, 145.5ms
Speed: 6.2ms preprocess, 145.5ms inference, 0.8ms postprocess per image at shape (1, 3, 640, 640)

0: 640x640 4 0s, 1 1, 190.2ms
Speed: 7.1ms preprocess, 190.2ms inference, 0.7ms postprocess per image at shape (1, 3, 640, 640)

0: 640x640 4 0s, 188.0ms
Speed: 9.4ms preprocess, 188.0ms inference, 0.6ms postprocess per image at shape (1, 3, 640, 640)

0: 640x640 3 0s, 3 1s, 1 2, 242.0ms
Speed: 9.0ms preprocess, 242.0ms inference, 0.6ms postprocess per image at shape (1, 3, 640, 640)

0: 640x640 17 0s, 3 1s, 281.2ms
Speed: 7.5ms preprocess, 281.2ms inference, 1.1ms postprocess per image at shape (1, 3, 640, 640)

0: 640x640 21 0s, 1 1, 158.4ms
Speed: 7.7ms preprocess, 158.4ms inference, 0.6ms postprocess per image at shape (1, 3, 640, 640)

0: 640x640 18 0s, 1 1, 439.5ms
Speed: 8.0ms preprocess, 439.5ms inference, 0.6ms postprocess per image at shape (1, 3, 640, 640)

0: 640x640 5 0s, 1 1, 1 2, 151.2ms
Speed: 9.2ms preprocess, 151.2ms inference, 0.5ms postprocess per image at shape (1, 3, 640, 640)

0: 640x640 2 0s, 4 1s, 3 2s, 6 3s, 240.2ms
Speed: 8.0ms preprocess, 240.2ms inference, 0.8ms postprocess per image at shape (1, 3, 640, 640)

0: 640x640 10 0s, 1 1, 177.5ms
Speed: 9.4ms preprocess, 177.5ms inference, 0.6ms postprocess per image at shape (1, 3, 640, 640)

0: 640x640 2 0s, 1 3, 101.6ms
Speed: 6.7ms preprocess, 101.6ms inference, 0.5ms postprocess per image at shape (1, 3, 640, 640)

0: 640x640 8 0s, 1 1, 1 3, 204.1ms
Speed: 14.1ms preprocess, 204.1ms inference, 0.5ms postprocess per image at shape (1, 3, 640, 640)

0: 640x640 3 0s, 136.4ms
Speed: 7.6ms preprocess, 136.4ms inference, 0.4ms postprocess per image at shape (1, 3, 640, 640)

0: 640x640 11 0s, 297.5ms
Speed: 11.0ms preprocess, 297.5ms inference, 0.7ms postprocess per image at shape (1, 3, 640, 640)

0: 640x640 16 0s, 4 1s, 1 2, 120.4ms
Speed: 8.8ms preprocess, 120.4ms inference, 0.5ms postprocess per image at shape (1, 3, 640, 640)

0: 640x640 11 0s, 1 3, 178.9ms
Speed: 7.3ms preprocess, 178.9ms inference, 8.8ms postprocess per image at shape (1, 3, 640, 640)

0: 640x640 9 0s, 150.0ms
Speed: 8.8ms preprocess, 150.0ms inference, 0.7ms postprocess per image at shape (1, 3, 640, 640)

0: 640x640 3 0s, 2 1s, 410.0ms
Speed: 8.1ms preprocess, 410.0ms inference, 0.8ms postprocess per image at shape (1, 3, 640, 640)

0: 640x640 7 0s, 1 1, 117.1ms
Speed: 7.7ms preprocess, 117.1ms inference, 0.5ms postprocess per image at shape (1, 3, 640, 640)

0: 640x640 3 0s, 2 2s, 4 3s, 229.8ms
Speed: 5.2ms preprocess, 229.8ms inference, 0.6ms postprocess per image at shape (1, 3, 640, 640)

0: 640x640 3 0s, 1 1, 2 3s, 259.8ms
Speed: 9.5ms preprocess, 259.8ms inference, 0.5ms postprocess per image at shape (1, 3, 640, 640)

0: 640x640 18 0s, 2 1s, 1 2, 536.5ms
Speed: 10.6ms preprocess, 536.5ms inference, 0.7ms postprocess per image at shape (1, 3, 640, 640)

0: 640x640 16 0s, 1 1, 193.8ms
Speed: 13.3ms preprocess, 193.8ms inference, 0.8ms postprocess per image at shape (1, 3, 640, 640)

0: 640x640 16 0s, 6 1s, 1 2, 1 3, 538.2ms
Speed: 8.6ms preprocess, 538.2ms inference, 0.7ms postprocess per image at shape (1, 3, 640, 640)

0: 640x640 14 0s, 1 1, 225.2ms
Speed: 8.3ms preprocess, 225.2ms inference, 0.7ms postprocess per image at shape (1, 3, 640, 640)

0: 640x640 5 0s, 2 1s, 3 3s, 319.4ms
Speed: 21.9ms preprocess, 319.4ms inference, 0.7ms postprocess per image at shape (1, 3, 640, 640)

0: 640x640 9 0s, 2 1s, 2 3s, 3669.7ms
Speed: 12.5ms preprocess, 3669.7ms inference, 1.1ms postprocess per image at shape (1, 3, 640, 640)

0: 640x640 16 0s, 2 1s, 804.4ms
Speed: 17.0ms preprocess, 804.4ms inference, 0.6ms postprocess per image at shape (1, 3, 640, 640)

0: 640x640 16 0s, 738.8ms
Speed: 42.9ms preprocess, 738.8ms inference, 0.7ms postprocess per image at shape (1, 3, 640, 640)

0: 640x640 33 0s, 2 1s, 1 3, 735.8ms
Speed: 11.1ms preprocess, 735.8ms inference, 2.1ms postprocess per image at shape (1, 3, 640, 640)

0: 640x640 16 0s, 2 1s, 338.5ms
Speed: 8.2ms preprocess, 338.5ms inference, 0.5ms postprocess per image at shape (1, 3, 640, 640)

0: 640x640 10 0s, 1 1, 2 3s, 894.2ms
Speed: 19.0ms preprocess, 894.2ms inference, 0.7ms postprocess per image at shape (1, 3, 640, 640)

0: 640x640 15 0s, 10 1s, 297.7ms
Speed: 10.9ms preprocess, 297.7ms inference, 0.8ms postprocess per image at shape (1, 3, 640, 640)

0: 640x640 5 0s, 3 1s, 1 3, 189.4ms
Speed: 8.1ms preprocess, 189.4ms inference, 0.8ms postprocess per image at shape (1, 3, 640, 640)

0: 640x640 19 0s, 1 1, 182.3ms
Speed: 9.4ms preprocess, 182.3ms inference, 0.5ms postprocess per image at shape (1, 3, 640, 640)

0: 640x640 22 0s, 5 1s, 730.5ms
Speed: 9.7ms preprocess, 730.5ms inference, 0.8ms postprocess per image at shape (1, 3, 640, 640)

0: 640x640 1 0, 3 1s, 3 3s, 720.9ms
Speed: 13.0ms preprocess, 720.9ms inference, 0.8ms postprocess per image at shape (1, 3, 640, 640)

0: 640x640 2 0s, 1 3, 609.2ms
Speed: 15.3ms preprocess, 609.2ms inference, 0.6ms postprocess per image at shape (1, 3, 640, 640)

0: 640x640 15 0s, 2 1s, 2 2s, 610.7ms
Speed: 8.9ms preprocess, 610.7ms inference, 0.8ms postprocess per image at shape (1, 3, 640, 640)

0: 640x640 33 0s, 4 1s, 3182.9ms
Speed: 37.1ms preprocess, 3182.9ms inference, 0.6ms postprocess per image at shape (1, 3, 640, 640)


0: 640x640 5 0s, 2 2s, 1 3, 250.0ms
Speed: 13.5ms preprocess, 250.0ms inference, 0.9ms postprocess per image at shape (1, 3, 640, 640)


0: 640x640 1 0, 1 1, 839.5ms
Speed: 470.3ms preprocess, 839.5ms inference, 0.8ms postprocess per image at shape (1, 3, 640, 640)

0: 640x640 25 0s, 4 1s, 1 2, 811.6ms
Speed: 10.6ms preprocess, 811.6ms inference, 0.7ms postprocess per image at shape (1, 3, 640, 640)

0: 640x640 19 0s, 1 2, 1017.3ms
Speed: 11.2ms preprocess, 1017.3ms inference, 0.7ms postprocess per image at shape (1, 3, 640, 640)

0: 640x640 4 0s, 1 1, 459.3ms
Speed: 11.2ms preprocess, 459.3ms inference, 0.6ms postprocess per image at shape (1, 3, 640, 640)

0: 640x640 9 0s, 1 1, 1 3, 608.4ms
Speed: 12.0ms preprocess, 608.4ms inference, 0.7ms postprocess per image at shape (1, 3, 640, 640)

0: 640x640 18 0s, 2 1s, 3 2s, 1039.1ms
Speed: 12.3ms preprocess, 1039.1ms inference, 0.8ms postprocess per image at shape (1, 3, 640, 640)

0: 640x640 2 0s, 664.3ms
Speed: 9.8ms preprocess, 664.3ms inference, 1.0ms postprocess per image at shape (1, 3, 640, 640)

0: 640x640 30 0s, 3 1s, 1 3, 456.7ms
Speed: 9.6ms preprocess, 456.7ms inference, 0.7ms postprocess per image at shape (1, 3, 640, 640)

0: 640x640 1 1, 486.2ms
Speed: 10.3ms preprocess, 486.2ms inference, 0.6ms postprocess per image at shape (1, 3, 640, 640)

0: 640x640 11 0s, 2 1s, 1 3, 225.9ms
Speed: 8.5ms preprocess, 225.9ms inference, 0.5ms postprocess per image at shape (1, 3, 640, 640)

0: 640x640 12 0s, 1 1, 1 3, 201.1ms
Speed: 7.3ms preprocess, 201.1ms inference, 0.7ms postprocess per image at shape (1, 3, 640, 640)

0: 640x640 7 0s, 2 1s, 174.4ms
Speed: 7.5ms preprocess, 174.4ms inference, 0.6ms postprocess per image at shape (1, 3, 640, 640)

0: 640x640 1 0, 4 1s, 1 3, 191.6ms
Speed: 7.6ms preprocess, 191.6ms inference, 0.6ms postprocess per image at shape (1, 3, 640, 640)

0: 640x640 15 0s, 162.7ms
Speed: 7.5ms preprocess, 162.7ms inference, 0.5ms postprocess per image at shape (1, 3, 640, 640)

0: 640x640 3 0s, 259.1ms
Speed: 8.8ms preprocess, 259.1ms inference, 0.7ms postprocess per image at shape (1, 3, 640, 640)

0: 640x640 33 0s, 6 1s, 1 3, 347.8ms
Speed: 6.7ms preprocess, 347.8ms inference, 1.2ms postprocess per image at shape (1, 3, 640, 640)

0: 640x640 6 0s, 2 1s, 286.9ms
Speed: 8.6ms preprocess, 286.9ms inference, 0.7ms postprocess per image at shape (1, 3, 640, 640)

0: 640x640 16 0s, 1 1, 116.1ms
Speed: 6.0ms preprocess, 116.1ms inference, 0.5ms postprocess per image at shape (1, 3, 640, 640)

0: 640x640 3 0s, 1 3, 194.6ms
Speed: 7.3ms preprocess, 194.6ms inference, 0.7ms postprocess per image at shape (1, 3, 640, 640)

0: 640x640 8 0s, 3 1s, 271.1ms
Speed: 8.4ms preprocess, 271.1ms inference, 0.7ms postprocess per image at shape (1, 3, 640, 640)

0: 640x640 11 0s, 4 1s, 2 2s, 179.8ms
Speed: 8.4ms preprocess, 179.8ms inference, 0.7ms postprocess per image at shape (1, 3, 640, 640)

0: 640x640 4 0s, 2 1s, 1 2, 118.5ms
Speed: 7.6ms preprocess, 118.5ms inference, 0.9ms postprocess per image at shape (1, 3, 640, 640)

0: 640x640 25 0s, 5 1s, 226.5ms
Speed: 8.2ms preprocess, 226.5ms inference, 0.7ms postprocess per image at shape (1, 3, 640, 640)

0: 640x640 20 0s, 2 1s, 1 3, 222.9ms
Speed: 8.9ms preprocess, 222.9ms inference, 0.4ms postprocess per image at shape (1, 3, 640, 640)

0: 640x640 (no detections), 258.6ms
Speed: 10.0ms preprocess, 258.6ms inference, 0.7ms postprocess per image at shape (1, 3, 640, 640)

0: 640x640 2 0s, 2 1s, 1 2, 5 3s, 442.6ms
Speed: 12.0ms preprocess, 442.6ms inference, 0.6ms postprocess per image at shape (1, 3, 640, 640)

0: 640x640 2 0s, 2 1s, 4 3s, 379.0ms
Speed: 8.3ms preprocess, 379.0ms inference, 0.6ms postprocess per image at shape (1, 3, 640, 640)

0: 640x640 9 0s, 9 1s, 1 2, 442.7ms
Speed: 18.2ms preprocess, 442.7ms inference, 0.6ms postprocess per image at shape (1, 3, 640, 640)

0: 640x640 7 0s, 2 1s, 492.3ms
Speed: 12.0ms preprocess, 492.3ms inference, 0.7ms postprocess per image at shape (1, 3, 640, 640)

0: 640x640 19 0s, 4 1s, 1 3, 443.0ms
Speed: 13.1ms preprocess, 443.0ms inference, 0.5ms postprocess per image at shape (1, 3, 640, 640)

0: 640x640 8 0s, 3 1s, 279.2ms
Speed: 10.8ms preprocess, 279.2ms inference, 0.6ms postprocess per image at shape (1, 3, 640, 640)

0: 640x640 36 0s, 1 1, 1229.9ms
Speed: 8.7ms preprocess, 1229.9ms inference, 0.6ms postprocess per image at shape (1, 3, 640, 640)

0: 640x640 3 3s, 693.5ms
Speed: 11.8ms preprocess, 693.5ms inference, 0.6ms postprocess per image at shape (1, 3, 640, 640)

0: 640x640 24 0s, 6 1s, 1 2, 507.1ms
Speed: 10.6ms preprocess, 507.1ms inference, 0.6ms postprocess per image at shape (1, 3, 640, 640)

0: 640x640 6 0s, 1 3, 447.2ms
Speed: 11.8ms preprocess, 447.2ms inference, 0.8ms postprocess per image at shape (1, 3, 640, 640)

0: 640x640 18 0s, 3 1s, 454.2ms
Speed: 11.9ms preprocess, 454.2ms inference, 0.9ms postprocess per image at shape (1, 3, 640, 640)

0: 640x640 4 0s, 1292.5ms
Speed: 11.1ms preprocess, 1292.5ms inference, 0.7ms postprocess per image at shape (1, 3, 640, 640)

0: 640x640 6 0s, 1 1, 3 3s, 2149.8ms
Speed: 12.9ms preprocess, 2149.8ms inference, 0.7ms postprocess per image at shape (1, 3, 640, 640)

0: 640x640 1 0, 1 1, 1 2, 2352.4ms
Speed: 13.7ms preprocess, 2352.4ms inference, 0.7ms postprocess per image at shape (1, 3, 640, 640)

0: 640x640 1 0, 1 2, 1686.8ms
Speed: 12.4ms preprocess, 1686.8ms inference, 0.9ms postprocess per image at shape (1, 3, 640, 640)

0: 640x640 1 0, 1 3, 2810.1ms
Speed: 21.0ms preprocess, 2810.1ms inference, 0.6ms postprocess per image at shape (1, 3, 640, 640)

0: 640x640 1 0, 3 1s, 2 3s, 700.9ms
Speed: 23.6ms preprocess, 700.9ms inference, 0.6ms postprocess per image at shape (1, 3, 640, 640)



0: 640x640 22 0s, 4 1s, 172.4ms
Speed: 7.7ms preprocess, 172.4ms inference, 0.6ms postprocess per image at shape (1, 3, 640, 640)

0: 640x640 9 0s, 136.6ms
Speed: 6.6ms preprocess, 136.6ms inference, 0.6ms postprocess per image at shape (1, 3, 640, 640)

0: 640x640 11 0s, 1 2, 1 3, 245.1ms
Speed: 7.8ms preprocess, 245.1ms inference, 0.5ms postprocess per image at shape (1, 3, 640, 640)



